14.01.30 11:21:53 [INFO] ninjiegore failed SurvivalFly: tried to move from -724.70, 64.23, -981.97 to (HOVER) over a distance of 0.0(HOVER) block(s). VL 500.
14.01.30 11:26:27 [INFO] ninjiegore failed NoFall: tried to avoid fall damage. VL 1.
14.01.30 11:26:38 [INFO] ninjiegore failed NoFall: tried to avoid fall damage. VL 2.
14.01.30 11:27:06 [INFO] ninjiegore failed NoFall: tried to avoid fall damage. VL 3.
14.01.30 11:34:30 [INFO] ninjiegore failed NoFall: tried to avoid fall damage. VL 4.
14.01.30 12:10:33 [INFO] ninjiegore failed NoFall: tried to avoid fall damage. VL 5.
14.01.30 12:10:45 [INFO] ninjiegore failed NoFall: tried to avoid fall damage. VL 6.
14.01.30 15:54:48 [INFO] black_fanta14 failed SurvivalFly: tried to move unexpectedly. VL 47.
14.01.31 08:52:54 [INFO] MineCraftGirl51 failed NoSwing: didn't swing arm. VL 10.
14.01.31 08:52:59 [INFO] MineCraftGirl51 failed NoSwing: didn't swing arm. VL 15.
14.01.31 08:53:04 [INFO] MineCraftGirl51 failed NoSwing: didn't swing arm. VL 20.
14.01.31 08:53:09 [INFO] MineCraftGirl51 failed NoSwing: didn't swing arm. VL 24.
14.01.31 08:53:31 [INFO] MineCraftGirl51 failed NoSwing: didn't swing arm. VL 25.
14.01.31 08:53:36 [INFO] MineCraftGirl51 failed NoSwing: didn't swing arm. VL 30.
14.01.31 08:53:41 [INFO] MineCraftGirl51 failed NoSwing: didn't swing arm. VL 35.
14.01.31 08:53:46 [INFO] MineCraftGirl51 failed NoSwing: didn't swing arm. VL 40.
14.01.31 08:54:02 [INFO] MineCraftGirl51 failed NoSwing: didn't swing arm. VL 43.
14.01.31 08:54:07 [INFO] MineCraftGirl51 failed NoSwing: didn't swing arm. VL 48.
14.01.31 08:54:14 [INFO] MineCraftGirl51 failed NoSwing: didn't swing arm. VL 52.
14.01.31 08:54:19 [INFO] MineCraftGirl51 failed NoSwing: didn't swing arm. VL 57.
14.01.31 08:54:24 [INFO] MineCraftGirl51 failed NoSwing: didn't swing arm. VL 62.
14.01.31 09:13:16 [INFO] MineCraftGirl515 failed Text: acted like spamming (IP: 70.194.0.3). VL 3.
14.01.31 09:23:19 [INFO] ninjiegore failed NoFall: tried to avoid fall damage. VL 1.
14.01.31 09:23:44 [INFO] ninjiegore failed NoFall: tried to avoid fall damage. VL 2.
14.01.31 09:24:07 [INFO] ninjiegore failed NoFall: tried to avoid fall damage. VL 3.
14.01.31 09:28:26 [INFO] ninjiegore failed NoFall: tried to avoid fall damage. VL 4.
14.01.31 09:28:48 [INFO] ninjiegore failed NoFall: tried to avoid fall damage. VL 5.
14.01.31 09:28:57 [INFO] ninjiegore failed NoFall: tried to avoid fall damage. VL 6.
14.01.31 09:29:33 [INFO] ninjiegore failed NoFall: tried to avoid fall damage. VL 8.
14.01.31 09:29:49 [INFO] ninjiegore failed NoFall: tried to avoid fall damage. VL 9.
14.01.31 09:30:18 [INFO] MineCraftGirl515 failed FastBreak: tried to break blocks (17) faster than possible. VL 0.
14.01.31 09:30:28 [INFO] MineCraftGirl515 failed FastBreak: tried to break blocks (17) faster than possible. VL 0.
14.01.31 09:30:41 [INFO] MineCraftGirl515 failed FastBreak: tried to break blocks (17) faster than possible. VL 0.
14.01.31 09:30:49 [INFO] MineCraftGirl515 failed FastBreak: tried to break blocks (18) faster than possible. VL 0.
14.01.31 09:30:59 [INFO] MineCraftGirl515 failed FastBreak: tried to break blocks (18) faster than possible. VL 0.
14.01.31 09:31:12 [INFO] MineCraftGirl515 failed FastBreak: tried to break blocks (17) faster than possible. VL 0.
14.01.31 09:40:34 [INFO] ninjiegore failed SurvivalFly: tried to move from -2640.64, 193.02, 406.92 to (HOVER) over a distance of 0.0(HOVER) block(s). VL 500.
14.01.31 09:48:08 [INFO] ninjiegore failed SurvivalFly: tried to move from -1061.81, 68.31, -860.69 to (HOVER) over a distance of 0.0(HOVER) block(s). VL 500.
14.01.31 09:49:38 [INFO] ninjiegore failed SurvivalFly: tried to move unexpectedly. VL 154.
14.01.31 10:01:19 [INFO] ninjiegore failed SurvivalFly: tried to move from -2592.87, 114.54, 406.66 to (HOVER) over a distance of 0.0(HOVER) block(s). VL 500.
14.01.31 13:02:03 [INFO] alison848849547 failed SurvivalFly: tried to move unexpectedly. VL 147.
14.01.31 13:19:44 [INFO] uenvy failed SurvivalFly: tried to move unexpectedly. VL 110.
14.01.31 13:43:06 [INFO] alison848849547 failed Angle: tried to hit multiple entities at the same time. VL 315.
14.01.31 13:48:23 [INFO] alison848849547 failed Visible: interacts with a block out of sight. VL 6.
14.01.31 13:48:32 [INFO] alison848849547 failed Visible: interacts with a block out of sight. VL 7.
14.01.31 13:48:34 [INFO] alison848849547 failed Visible: interacts with a block out of sight. VL 8.
14.01.31 13:59:23 [INFO] uenvy failed FastBreak: tried to break blocks (1) faster than possible. VL 1.
14.01.31 13:59:28 [INFO] uenvy failed FastBreak: tried to break blocks (1) faster than possible. VL 1.
14.01.31 13:59:35 [INFO] uenvy failed FastBreak: tried to break blocks (1) faster than possible. VL 1.
14.01.31 13:59:44 [INFO] uenvy failed FastBreak: tried to break blocks (1) faster than possible. VL 1.
14.01.31 14:03:59 [INFO] alison848849547 failed Angle: tried to hit multiple entities at the same time. VL 561.
14.01.31 14:06:47 [INFO] alison848849547 failed FastBreak: tried to break blocks (12) faster than possible. VL 1.
14.01.31 14:07:08 [INFO] alison848849547 failed FastBreak: tried to break blocks (1) faster than possible. VL 1.
14.01.31 14:07:13 [INFO] alison848849547 failed FastBreak: tried to break blocks (1) faster than possible. VL 1.
14.01.31 14:07:14 [INFO] alison848849547 failed Visible: interacts with a block out of sight. VL 6.
14.01.31 14:07:16 [INFO] alison848849547 failed Visible: interacts with a block out of sight. VL 9.
14.01.31 14:07:19 [INFO] alison848849547 failed FastBreak: tried to break blocks (1) faster than possible. VL 2.
14.01.31 14:07:35 [INFO] alison848849547 failed Visible: interacts with a block out of sight. VL 10.
14.01.31 14:07:35 [INFO] alison848849547 failed FastBreak: tried to break blocks (1) faster than possible. VL 2.
14.01.31 14:07:51 [INFO] alison848849547 failed FastBreak: tried to break blocks (1) faster than possible. VL 2.
14.01.31 14:07:53 [INFO] alison848849547 failed Visible: interacts with a block out of sight. VL 9.
14.01.31 14:08:31 [INFO] black_fanta14 failed NoFall: tried to avoid fall damage. VL 1.
14.01.31 14:08:36 [INFO] black_fanta14 failed NoFall: tried to avoid fall damage. VL 2.
14.01.31 14:18:24 [INFO] uenvy failed Angle: tried to hit multiple entities at the same time. VL 256.
14.01.31 14:18:50 [INFO] black_fanta14 failed NoFall: tried to avoid fall damage. VL 3.
14.01.31 14:18:59 [INFO] black_fanta14 failed NoFall: tried to avoid fall damage. VL 4.
14.01.31 14:20:22 [INFO] alison848849547 failed SurvivalFly: tried to move unexpectedly. VL 176.
14.01.31 14:21:11 [INFO] alison848849547 failed Visible: interacts with a block out of sight. VL 5.
14.01.31 14:23:21 [INFO] alison848849547 failed Visible: interacts with a block out of sight. VL 6.
14.01.31 14:24:05 [INFO] uenvy failed Angle: tried to hit multiple entities at the same time. VL 273.
14.01.31 14:26:29 [INFO] alison848849547 failed Visible: interacts with a block out of sight. VL 5.
14.01.31 14:26:32 [INFO] alison848849547 failed Visible: interacts with a block out of sight. VL 8.
14.01.31 14:26:39 [INFO] alison848849547 failed Visible: interacts with a block out of sight. VL 9.
14.01.31 14:28:05 [INFO] alison848849547 failed SurvivalFly: tried to move unexpectedly. VL 270.
14.01.31 14:30:08 [INFO] alison848849547 failed Visible: interacts with a block out of sight. VL 8.
14.01.31 14:34:10 [INFO] uenvy failed FastBreak: tried to break blocks (3) faster than possible. VL 0.
14.01.31 14:34:15 [INFO] uenvy failed FastBreak: tried to break blocks (3) faster than possible. VL 1.
14.01.31 14:34:25 [INFO] uenvy failed FastBreak: tried to break blocks (3) faster than possible. VL 1.
14.01.31 14:34:33 [INFO] uenvy failed FastBreak: tried to break blocks (3) faster than possible. VL 1.
14.01.31 14:34:55 [INFO] uenvy failed FastBreak: tried to break blocks (3) faster than possible. VL 1.
14.01.31 14:35:00 [INFO] uenvy failed FastBreak: tried to break blocks (3) faster than possible. VL 1.
14.01.31 14:35:05 [INFO] uenvy failed FastBreak: tried to break blocks (3) faster than possible. VL 1.
14.01.31 14:35:11 [INFO] uenvy failed FastBreak: tried to break blocks (3) faster than possible. VL 1.
14.01.31 14:35:17 [INFO] uenvy failed FastBreak: tried to break blocks (3) faster than possible. VL 1.
14.01.31 14:35:22 [INFO] uenvy failed FastBreak: tried to break blocks (3) faster than possible. VL 1.
14.01.31 14:36:10 [INFO] uenvy failed FastBreak: tried to break blocks (5) faster than possible. VL 1.
14.01.31 14:40:21 [INFO] black_fanta14 failed NoFall: tried to avoid fall damage. VL 5.
14.01.31 14:40:30 [INFO] black_fanta14 failed NoFall: tried to avoid fall damage. VL 6.
14.01.31 14:41:17 [INFO] black_fanta14 failed NoFall: tried to avoid fall damage. VL 7.
14.01.31 14:42:26 [INFO] black_fanta14 failed NoFall: tried to avoid fall damage. VL 8.
14.01.31 14:48:19 [INFO] alison848849547 failed Angle: tried to hit multiple entities at the same time. VL 565.
14.01.31 14:52:40 [INFO] uenvy failed FastBreak: tried to break blocks (5) faster than possible. VL 1.
14.01.31 14:52:46 [INFO] uenvy failed FastBreak: tried to break blocks (5) faster than possible. VL 1.
14.01.31 14:52:54 [INFO] uenvy failed FastBreak: tried to break blocks (5) faster than possible. VL 1.
14.01.31 14:53:30 [INFO] uenvy failed FastBreak: tried to break blocks (1) faster than possible. VL 1.
14.01.31 14:53:51 [INFO] uenvy failed FastBreak: tried to break blocks (1) faster than possible. VL 1.
14.01.31 14:54:24 [INFO] uenvy failed FastBreak: tried to break blocks (5) faster than possible. VL 1.
14.01.31 15:05:53 [INFO] black_fanta14 failed Angle: tried to hit multiple entities at the same time. VL 227.
14.01.31 15:08:54 [INFO] black_fanta14 failed NoFall: tried to avoid fall damage. VL 9.
14.01.31 15:21:44 [INFO] uenvy failed FastBreak: tried to break blocks (1) faster than possible. VL 1.
14.01.31 15:21:49 [INFO] uenvy failed FastBreak: tried to break blocks (1) faster than possible. VL 2.
14.01.31 15:21:58 [INFO] uenvy failed FastBreak: tried to break blocks (1) faster than possible. VL 2.
14.01.31 15:24:30 [INFO] uenvy failed Angle: tried to hit multiple entities at the same time. VL 272.
14.01.31 15:26:08 [INFO] uenvy failed Angle: tried to hit multiple entities at the same time. VL 279.
14.01.31 15:27:23 [INFO] alison848849547 failed Angle: tried to hit multiple entities at the same time. VL 425.
14.01.31 15:30:56 [INFO] alison848849547 failed Angle: tried to hit multiple entities at the same time. VL 417.
14.01.31 15:31:22 [INFO] uenvy failed FastBreak: tried to break blocks (1) faster than possible. VL 1.
14.01.31 15:31:29 [INFO] uenvy failed FastBreak: tried to break blocks (1) faster than possible. VL 1.
14.01.31 15:31:44 [INFO] uenvy failed FastBreak: tried to break blocks (3) faster than possible. VL 1.
14.01.31 15:31:56 [INFO] alison848849547 failed FastBreak: tried to break blocks (16) faster than possible. VL 1.
14.01.31 15:32:02 [INFO] uenvy failed Angle: tried to hit multiple entities at the same time. VL 271.
14.01.31 15:32:08 [INFO] alison848849547 failed FastBreak: tried to break blocks (1) faster than possible. VL 1.
14.01.31 15:32:12 [INFO] uenvy failed Visible: interacts with a block out of sight. VL 5.
14.01.31 15:32:16 [INFO] alison848849547 failed FastBreak: tried to break blocks (1) faster than possible. VL 1.
14.01.31 15:32:21 [INFO] alison848849547 failed FastBreak: tried to break blocks (1) faster than possible. VL 1.
14.01.31 15:32:31 [INFO] alison848849547 failed FastBreak: tried to break blocks (1) faster than possible. VL 2.
14.01.31 15:32:40 [INFO] alison848849547 failed FastBreak: tried to break blocks (1) faster than possible. VL 1.
14.01.31 15:32:47 [INFO] alison848849547 failed FastBreak: tried to break blocks (1) faster than possible. VL 1.
14.01.31 15:32:58 [INFO] alison848849547 failed FastBreak: tried to break blocks (1) faster than possible. VL 1.
14.01.31 15:33:00 [INFO] alison848849547 failed Visible: interacts with a block out of sight. VL 5.
14.01.31 15:33:03 [INFO] alison848849547 failed FastBreak: tried to break blocks (1) faster than possible. VL 2.
14.01.31 15:33:04 [INFO] alison848849547 failed Visible: interacts with a block out of sight. VL 6.
14.01.31 15:33:07 [INFO] alison848849547 failed Visible: interacts with a block out of sight. VL 7.
14.01.31 15:33:10 [INFO] alison848849547 failed FastBreak: tried to break blocks (1) faster than possible. VL 2.
14.01.31 15:33:18 [INFO] alison848849547 failed FastBreak: tried to break blocks (1) faster than possible. VL 2.
14.01.31 15:34:06 [INFO] alison848849547 failed FastBreak: tried to break blocks (16) faster than possible. VL 2.
14.01.31 15:34:30 [INFO] alison848849547 failed Visible: interacts with a block out of sight. VL 5.
14.01.31 15:37:10 [INFO] uenvy failed FastBreak: tried to break blocks (3) faster than possible. VL 0.
14.01.31 15:41:28 [INFO] uenvy failed Speed: tried to attack with too high a frequency. VL 2.
14.01.31 15:41:28 [INFO] uenvy failed Angle: tried to hit multiple entities at the same time. VL 281.
14.01.31 15:45:20 [INFO] alison848849547 failed FastBreak: tried to break blocks (5) faster than possible. VL 2.
14.01.31 15:45:56 [INFO] alison848849547 failed FastBreak: tried to break blocks (5) faster than possible. VL 2.
14.01.31 15:46:17 [INFO] alison848849547 failed FastBreak: tried to break blocks (5) faster than possible. VL 2.
14.01.31 15:46:52 [INFO] alison848849547 failed FastBreak: tried to break blocks (5) faster than possible. VL 1.
14.01.31 15:46:57 [INFO] alison848849547 failed FastBreak: tried to break blocks (5) faster than possible. VL 1.
14.01.31 15:48:20 [INFO] uenvy failed FastBreak: tried to break blocks (1) faster than possible. VL 1.
14.01.31 15:48:26 [INFO] uenvy failed FastBreak: tried to break blocks (1) faster than possible. VL 1.
14.01.31 15:48:43 [INFO] uenvy failed FastBreak: tried to break blocks (4) faster than possible. VL 1.
14.01.31 15:48:48 [INFO] uenvy failed FastBreak: tried to break blocks (4) faster than possible. VL 2.
14.01.31 15:49:14 [INFO] uenvy failed FastBreak: tried to break blocks (2) faster than possible. VL 2.
14.01.31 15:49:18 [INFO] uenvy failed Visible: interacts with a block out of sight. VL 6.
14.01.31 15:49:19 [INFO] uenvy failed FastBreak: tried to break blocks (2) faster than possible. VL 3.
14.01.31 15:49:20 [INFO] uenvy failed Visible: interacts with a block out of sight. VL 7.
14.01.31 15:49:27 [INFO] uenvy failed FastBreak: tried to break blocks (2) faster than possible. VL 3.
14.01.31 15:49:27 [INFO] uenvy failed Visible: interacts with a block out of sight. VL 8.
14.01.31 15:49:29 [INFO] uenvy failed Visible: interacts with a block out of sight. VL 8.
14.01.31 15:49:34 [INFO] uenvy failed FastBreak: tried to break blocks (2) faster than possible. VL 2.
14.01.31 15:49:36 [INFO] uenvy failed Visible: interacts with a block out of sight. VL 8.
14.01.31 15:49:39 [INFO] uenvy failed FastBreak: tried to break blocks (2) faster than possible. VL 3.
14.01.31 15:49:39 [INFO] uenvy failed Visible: interacts with a block out of sight. VL 9.
14.01.31 15:49:42 [INFO] uenvy failed Visible: interacts with a block out of sight. VL 12.
14.01.31 15:50:03 [INFO] uenvy failed FastBreak: tried to break blocks (2) faster than possible. VL 3.
14.01.31 15:50:06 [INFO] uenvy failed Visible: interacts with a block out of sight. VL 12.
14.01.31 15:50:09 [INFO] uenvy failed FastBreak: tried to break blocks (2) faster than possible. VL 2.
14.01.31 15:50:12 [INFO] uenvy failed Visible: interacts with a block out of sight. VL 12.
14.01.31 15:50:14 [INFO] uenvy failed FastBreak: tried to break blocks (2) faster than possible. VL 3.
14.01.31 15:50:15 [INFO] uenvy failed Visible: interacts with a block out of sight. VL 13.
14.01.31 15:50:16 [INFO] uenvy failed WrongBlock: broke another block than clicked. VL 10.
14.01.31 15:50:17 [INFO] uenvy failed Visible: interacts with a block out of sight. VL 14.
14.01.31 15:50:19 [INFO] uenvy failed FastBreak: tried to break blocks (2) faster than possible. VL 4.
14.01.31 15:50:20 [INFO] uenvy failed Visible: interacts with a block out of sight. VL 15.
14.01.31 15:50:22 [INFO] uenvy failed Visible: interacts with a block out of sight. VL 18.
14.01.31 15:50:24 [INFO] uenvy failed FastBreak: tried to break blocks (2) faster than possible. VL 3.
14.01.31 15:50:27 [INFO] uenvy failed Visible: interacts with a block out of sight. VL 17.
14.01.31 15:50:29 [INFO] uenvy failed FastBreak: tried to break blocks (2) faster than possible. VL 3.
14.01.31 15:50:32 [INFO] uenvy failed Visible: interacts with a block out of sight. VL 16.
14.01.31 15:50:32 [INFO] uenvy failed WrongBlock: broke another block than clicked. VL 11.
14.01.31 15:50:34 [INFO] uenvy failed FastBreak: tried to break blocks (2) faster than possible. VL 3.
14.01.31 15:50:34 [INFO] uenvy failed Visible: interacts with a block out of sight. VL 17.
14.01.31 15:50:37 [INFO] uenvy failed Visible: interacts with a block out of sight. VL 18.
14.01.31 15:50:39 [INFO] uenvy failed FastBreak: tried to break blocks (2) faster than possible. VL 3.
14.01.31 15:50:46 [INFO] uenvy failed FastBreak: tried to break blocks (2) faster than possible. VL 2.
14.01.31 15:50:46 [INFO] uenvy failed Visible: interacts with a block out of sight. VL 18.
14.01.31 15:50:50 [INFO] uenvy failed Visible: interacts with a block out of sight. VL 18.
14.01.31 15:50:50 [INFO] uenvy failed WrongBlock: broke another block than clicked. VL 12.
14.01.31 15:50:51 [INFO] uenvy failed FastBreak: tried to break blocks (2) faster than possible. VL 2.
14.01.31 15:50:56 [INFO] uenvy failed FastBreak: tried to break blocks (2) faster than possible. VL 2.
14.01.31 15:50:58 [INFO] uenvy failed Visible: interacts with a block out of sight. VL 16.
14.01.31 15:50:59 [INFO] uenvy failed WrongBlock: broke another block than clicked. VL 15.
14.01.31 15:51:00 [INFO] uenvy failed Visible: interacts with a block out of sight. VL 17.
14.01.31 15:51:01 [INFO] uenvy failed FastBreak: tried to break blocks (2) faster than possible. VL 2.
14.01.31 15:54:05 [INFO] uenvy failed Visible: interacts with a block out of sight. VL 6.
14.01.31 15:54:07 [INFO] uenvy failed FastBreak: tried to break blocks (162) faster than possible. VL 2.
14.01.31 15:54:12 [INFO] uenvy failed FastBreak: tried to break blocks (162) faster than possible. VL 1.
14.01.31 15:54:17 [INFO] uenvy failed FastBreak: tried to break blocks (162) faster than possible. VL 2.
14.01.31 15:54:22 [INFO] uenvy failed FastBreak: tried to break blocks (162) faster than possible. VL 2.
14.01.31 15:54:33 [INFO] uenvy failed FastBreak: tried to break blocks (162) faster than possible. VL 2.
14.01.31 15:56:47 [INFO] alison848849547 failed FastBreak: tried to break blocks (162) faster than possible. VL 0.
14.01.31 15:56:53 [INFO] alison848849547 failed FastBreak: tried to break blocks (162) faster than possible. VL 0.
14.01.31 15:56:59 [INFO] alison848849547 failed FastBreak: tried to break blocks (162) faster than possible. VL 0.
14.01.31 15:57:11 [INFO] alison848849547 failed FastBreak: tried to break blocks (162) faster than possible. VL 1.
14.01.31 15:57:51 [INFO] alison848849547 failed FastBreak: tried to break blocks (99) faster than possible. VL 0.
14.01.31 15:57:58 [INFO] alison848849547 failed FastBreak: tried to break blocks (99) faster than possible. VL 1.
14.01.31 15:58:03 [INFO] alison848849547 failed FastBreak: tried to break blocks (99) faster than possible. VL 2.
14.01.31 15:58:08 [INFO] alison848849547 failed FastBreak: tried to break blocks (99) faster than possible. VL 2.
14.01.31 15:58:14 [INFO] alison848849547 failed FastBreak: tried to break blocks (99) faster than possible. VL 1.
14.01.31 15:58:19 [INFO] alison848849547 failed FastBreak: tried to break blocks (99) faster than possible. VL 1.
14.01.31 15:58:26 [INFO] alison848849547 failed FastBreak: tried to break blocks (99) faster than possible. VL 1.
14.01.31 15:58:37 [INFO] alison848849547 failed FastBreak: tried to break blocks (99) faster than possible. VL 2.
14.01.31 15:59:02 [INFO] alison848849547 failed FastBreak: tried to break blocks (99) faster than possible. VL 1.
14.01.31 15:59:03 [INFO] alison848849547 failed Visible: interacts with a block out of sight. VL 5.
14.01.31 15:59:10 [INFO] alison848849547 failed FastBreak: tried to break blocks (99) faster than possible. VL 1.
14.01.31 15:59:20 [INFO] alison848849547 failed FastBreak: tried to break blocks (5) faster than possible. VL 1.
14.01.31 16:21:10 [INFO] alison848849547 failed FastBreak: tried to break blocks (26) faster than possible. VL 5.
14.01.31 16:24:39 [INFO] uenvy failed Visible: interacts with a block out of sight. VL 5.
14.01.31 16:24:40 [INFO] uenvy failed FastBreak: tried to break blocks (1) faster than possible. VL 1.
14.01.31 16:24:51 [INFO] uenvy failed FastBreak: tried to break blocks (1) faster than possible. VL 1.
14.01.31 16:24:57 [INFO] uenvy failed FastBreak: tried to break blocks (1) faster than possible. VL 1.
14.01.31 16:25:11 [INFO] uenvy failed FastBreak: tried to break blocks (1) faster than possible. VL 0.
14.01.31 16:25:18 [INFO] uenvy failed FastBreak: tried to break blocks (1) faster than possible. VL 1.
14.01.31 16:25:23 [INFO] uenvy failed Visible: interacts with a block out of sight. VL 6.
14.01.31 16:40:51 [INFO] alison848849547 failed FastBreak: tried to break blocks (5) faster than possible. VL 6.
14.01.31 16:41:09 [INFO] alison848849547 failed FastBreak: tried to break blocks (5) faster than possible. VL 5.
14.01.31 16:41:15 [INFO] alison848849547 failed FastBreak: tried to break blocks (5) faster than possible. VL 5.
14.01.31 16:42:05 [INFO] alison848849547 failed FastBreak: tried to break blocks (5) faster than possible. VL 6.
14.01.31 16:42:07 [INFO] alison848849547 failed Visible: interacts with a block out of sight. VL 6.
14.01.31 16:42:09 [INFO] alison848849547 failed Visible: interacts with a block out of sight. VL 7.
14.01.31 16:42:11 [INFO] alison848849547 failed FastBreak: tried to break blocks (5) faster than possible. VL 7.
14.01.31 16:42:12 [INFO] alison848849547 failed Visible: interacts with a block out of sight. VL 7.
14.01.31 16:42:15 [INFO] alison848849547 failed Visible: interacts with a block out of sight. VL 8.
14.01.31 16:42:37 [INFO] alison848849547 failed FastBreak: tried to break blocks (5) faster than possible. VL 5.
14.01.31 16:42:39 [INFO] alison848849547 failed Visible: interacts with a block out of sight. VL 8.
14.01.31 16:42:45 [INFO] alison848849547 failed FastBreak: tried to break blocks (5) faster than possible. VL 7.
14.01.31 16:43:04 [INFO] alison848849547 failed FastBreak: tried to break blocks (5) faster than possible. VL 8.
14.01.31 16:43:05 [INFO] alison848849547 failed WrongBlock: broke another block than clicked. VL 10.
14.01.31 16:43:05 [INFO] alison848849547 failed Visible: interacts with a block out of sight. VL 8.
14.01.31 16:43:08 [INFO] alison848849547 failed Visible: interacts with a block out of sight. VL 9.
14.01.31 16:43:17 [INFO] alison848849547 failed WrongBlock: broke another block than clicked. VL 12.
14.01.31 16:43:18 [INFO] alison848849547 failed Visible: interacts with a block out of sight. VL 10.
14.01.31 16:43:25 [INFO] alison848849547 failed FastBreak: tried to break blocks (5) faster than possible. VL 6.
14.01.31 16:43:32 [INFO] alison848849547 failed WrongBlock: broke another block than clicked. VL 13.
14.01.31 16:43:33 [INFO] alison848849547 failed FastBreak: tried to break blocks (5) faster than possible. VL 7.
14.01.31 16:43:37 [INFO] alison848849547 failed WrongBlock: broke another block than clicked. VL 16.
14.01.31 16:43:39 [INFO] alison848849547 failed FastBreak: tried to break blocks (5) faster than possible. VL 7.
14.01.31 16:43:50 [INFO] alison848849547 failed FastBreak: tried to break blocks (85) faster than possible. VL 6.
14.01.31 16:45:41 [INFO] alison848849547 failed Visible: interacts with a block out of sight. VL 7.
14.01.31 16:45:54 [INFO] alison848849547 failed Angle: tried to hit multiple entities at the same time. VL 553.
14.01.31 16:46:07 [INFO] alison848849547 failed Angle: tried to hit multiple entities at the same time. VL 575.
14.01.31 16:50:00 [INFO] black_fanta14 failed NoFall: tried to avoid fall damage. VL 10.
14.01.31 16:50:11 [INFO] black_fanta14 failed NoFall: tried to avoid fall damage. VL 11.
14.01.31 16:56:14 [INFO] black_fanta14 failed FastBreak: tried to break blocks (54) faster than possible. VL 8.
14.01.31 16:56:48 [INFO] black_fanta14 failed FastBreak: tried to break blocks (155) faster than possible. VL 7.
14.01.31 16:56:56 [INFO] black_fanta14 failed FastBreak: tried to break blocks (155) faster than possible. VL 5.
14.01.31 16:57:06 [INFO] black_fanta14 failed FastBreak: tried to break blocks (155) faster than possible. VL 4.
14.01.31 16:57:12 [INFO] black_fanta14 failed FastBreak: tried to break blocks (155) faster than possible. VL 3.
14.01.31 16:57:32 [INFO] black_fanta14 failed FastBreak: tried to break blocks (155) faster than possible. VL 2.
14.01.31 16:57:37 [INFO] black_fanta14 failed FastBreak: tried to break blocks (155) faster than possible. VL 2.
14.01.31 16:58:05 [INFO] black_fanta14 failed NoFall: tried to avoid fall damage. VL 1.
14.01.31 17:01:17 [INFO] alison848849547 failed Knockback: tried to do a knockback but wasn't technically sprinting. VL 97.
14.01.31 17:01:18 [INFO] alison848849547 failed Direction: tried to hit an entity out of line of sight. VL 9.
14.01.31 17:04:02 [INFO] black_fanta14 failed Angle: tried to hit multiple entities at the same time. VL 257.
14.01.31 17:06:35 [INFO] black_fanta14 failed Angle: tried to hit multiple entities at the same time. VL 274.
14.01.31 17:12:06 [INFO] black_fanta14 failed Angle: tried to hit multiple entities at the same time. VL 273.
14.01.31 17:24:30 [INFO] alison848849547 failed FastBreak: tried to break blocks (5) faster than possible. VL 2.
14.01.31 17:24:32 [INFO] alison848849547 failed Visible: interacts with a block out of sight. VL 6.
14.01.31 17:24:36 [INFO] alison848849547 failed FastBreak: tried to break blocks (5) faster than possible. VL 2.
14.01.31 17:24:41 [INFO] alison848849547 failed Visible: interacts with a block out of sight. VL 7.
14.01.31 17:24:55 [INFO] alison848849547 failed FastBreak: tried to break blocks (85) faster than possible. VL 1.
14.01.31 17:25:13 [INFO] alison848849547 failed FastBreak: tried to break blocks (162) faster than possible. VL 2.
14.01.31 17:25:13 [INFO] alison848849547 failed Visible: interacts with a block out of sight. VL 6.
14.01.31 17:25:18 [INFO] alison848849547 failed FastBreak: tried to break blocks (162) faster than possible. VL 2.
14.01.31 17:25:23 [INFO] alison848849547 failed FastBreak: tried to break blocks (162) faster than possible. VL 2.
14.01.31 17:25:24 [INFO] alison848849547 failed Visible: interacts with a block out of sight. VL 6.
14.01.31 17:25:26 [INFO] alison848849547 failed Visible: interacts with a block out of sight. VL 7.
14.01.31 17:25:31 [INFO] alison848849547 failed FastBreak: tried to break blocks (162) faster than possible. VL 1.
14.01.31 17:25:31 [INFO] alison848849547 failed Visible: interacts with a block out of sight. VL 8.
14.01.31 17:25:37 [INFO] alison848849547 failed Visible: interacts with a block out of sight. VL 8.
14.01.31 17:25:37 [INFO] alison848849547 failed FastBreak: tried to break blocks (162) faster than possible. VL 1.
14.01.31 17:25:40 [INFO] alison848849547 failed Visible: interacts with a block out of sight. VL 10.
14.01.31 17:25:42 [INFO] alison848849547 failed FastBreak: tried to break blocks (18) faster than possible. VL 2.
14.01.31 17:25:50 [INFO] alison848849547 failed FastBreak: tried to break blocks (162) faster than possible. VL 2.
14.01.31 17:25:52 [INFO] alison848849547 failed Visible: interacts with a block out of sight. VL 9.
14.01.31 17:25:54 [INFO] alison848849547 failed Visible: interacts with a block out of sight. VL 11.
14.01.31 17:25:55 [INFO] alison848849547 failed FastBreak: tried to break blocks (162) faster than possible. VL 3.
14.01.31 17:26:00 [INFO] alison848849547 failed FastBreak: tried to break blocks (162) faster than possible. VL 2.
14.01.31 17:26:01 [INFO] alison848849547 failed Visible: interacts with a block out of sight. VL 11.
14.01.31 17:26:04 [INFO] alison848849547 failed Visible: interacts with a block out of sight. VL 13.
14.01.31 17:26:11 [INFO] alison848849547 failed FastBreak: tried to break blocks (18) faster than possible. VL 1.
14.01.31 17:26:12 [INFO] alison848849547 failed Visible: interacts with a block out of sight. VL 12.
14.01.31 17:26:14 [INFO] alison848849547 failed Visible: interacts with a block out of sight. VL 13.
14.01.31 17:26:24 [INFO] alison848849547 failed FastBreak: tried to break blocks (162) faster than possible. VL 1.
14.01.31 17:26:24 [INFO] alison848849547 failed Visible: interacts with a block out of sight. VL 12.
14.01.31 17:26:29 [INFO] alison848849547 failed FastBreak: tried to break blocks (162) faster than possible. VL 1.
14.01.31 18:01:23 [INFO] alison848849547 failed Visible: interacts with a block out of sight. VL 6.
14.01.31 18:01:23 [INFO] alison848849547 failed FastBreak: tried to break blocks (2) faster than possible. VL 0.
14.01.31 18:01:28 [INFO] alison848849547 failed Visible: interacts with a block out of sight. VL 6.
14.01.31 18:02:20 [INFO] alison848849547 failed FastBreak: tried to break blocks (3) faster than possible. VL 0.
14.01.31 18:02:20 [INFO] alison848849547 failed Visible: interacts with a block out of sight. VL 7.
14.01.31 18:02:23 [INFO] alison848849547 failed Visible: interacts with a block out of sight. VL 8.
14.01.31 18:02:26 [INFO] alison848849547 failed FastBreak: tried to break blocks (3) faster than possible. VL 1.
14.01.31 18:02:34 [INFO] alison848849547 failed FastBreak: tried to break blocks (2) faster than possible. VL 1.
14.01.31 18:02:42 [INFO] alison848849547 failed FastBreak: tried to break blocks (3) faster than possible. VL 1.
14.01.31 18:02:43 [INFO] alison848849547 failed Visible: interacts with a block out of sight. VL 7.
14.01.31 18:04:10 [INFO] alison848849547 failed Visible: interacts with a block out of sight. VL 6.
14.01.31 18:04:12 [INFO] alison848849547 failed Visible: interacts with a block out of sight. VL 7.
14.01.31 18:04:12 [INFO] alison848849547 failed FastBreak: tried to break blocks (2) faster than possible. VL 1.
14.01.31 18:04:17 [INFO] alison848849547 failed FastBreak: tried to break blocks (3) faster than possible. VL 1.
14.01.31 18:04:17 [INFO] alison848849547 failed Visible: interacts with a block out of sight. VL 9.
14.01.31 18:04:48 [INFO] alison848849547 failed Visible: interacts with a block out of sight. VL 10.
14.01.31 18:04:48 [INFO] alison848849547 failed FastBreak: tried to break blocks (3) faster than possible. VL 1.
14.01.31 18:04:53 [INFO] alison848849547 failed FastBreak: tried to break blocks (3) faster than possible. VL 1.
14.01.31 18:07:43 [INFO] alison848849547 failed Visible: interacts with a block out of sight. VL 5.
14.01.31 18:07:45 [INFO] alison848849547 failed FastBreak: tried to break blocks (2) faster than possible. VL 1.
14.01.31 18:07:45 [INFO] alison848849547 failed Visible: interacts with a block out of sight. VL 6.
14.01.31 18:07:51 [INFO] alison848849547 failed FastBreak: tried to break blocks (2) faster than possible. VL 1.
14.01.31 18:07:51 [INFO] alison848849547 failed Visible: interacts with a block out of sight. VL 6.
14.01.31 18:07:59 [INFO] alison848849547 failed Visible: interacts with a block out of sight. VL 8.
14.01.31 18:08:00 [INFO] alison848849547 failed FastBreak: tried to break blocks (3) faster than possible. VL 1.
14.01.31 18:08:01 [INFO] alison848849547 failed Visible: interacts with a block out of sight. VL 11.
14.01.31 18:08:11 [INFO] alison848849547 failed FastBreak: tried to break blocks (3) faster than possible. VL 1.
14.01.31 18:08:12 [INFO] alison848849547 failed Visible: interacts with a block out of sight. VL 12.
14.01.31 18:09:03 [INFO] alison848849547 failed FastBreak: tried to break blocks (2) faster than possible. VL 1.
14.01.31 18:09:33 [INFO] alison848849547 failed Visible: interacts with a block out of sight. VL 12.
14.01.31 18:09:34 [INFO] alison848849547 failed FastBreak: tried to break blocks (2) faster than possible. VL 1.
14.01.31 18:09:35 [INFO] alison848849547 failed Visible: interacts with a block out of sight. VL 14.
14.01.31 18:09:37 [INFO] alison848849547 failed Visible: interacts with a block out of sight. VL 14.
14.01.31 18:09:39 [INFO] alison848849547 failed FastBreak: tried to break blocks (2) faster than possible. VL 2.
14.01.31 18:09:39 [INFO] alison848849547 failed Visible: interacts with a block out of sight. VL 16.
14.01.31 18:09:44 [INFO] alison848849547 failed Visible: interacts with a block out of sight. VL 16.
14.01.31 18:09:44 [INFO] alison848849547 failed FastBreak: tried to break blocks (2) faster than possible. VL 2.
14.01.31 18:09:48 [INFO] alison848849547 failed Visible: interacts with a block out of sight. VL 16.
14.01.31 18:09:49 [INFO] alison848849547 failed FastBreak: tried to break blocks (2) faster than possible. VL 2.
14.01.31 18:09:56 [INFO] alison848849547 failed FastBreak: tried to break blocks (3) faster than possible. VL 2.
14.01.31 18:10:04 [INFO] alison848849547 failed FastBreak: tried to break blocks (3) faster than possible. VL 1.
14.01.31 18:10:04 [INFO] alison848849547 failed Visible: interacts with a block out of sight. VL 15.
14.01.31 18:10:09 [INFO] alison848849547 failed Visible: interacts with a block out of sight. VL 14.
14.01.31 18:10:09 [INFO] alison848849547 failed FastBreak: tried to break blocks (3) faster than possible. VL 1.
14.01.31 18:10:12 [INFO] alison848849547 failed Visible: interacts with a block out of sight. VL 15.
14.01.31 18:10:14 [INFO] alison848849547 failed FastBreak: tried to break blocks (2) faster than possible. VL 2.
14.01.31 18:10:20 [INFO] alison848849547 failed FastBreak: tried to break blocks (2) faster than possible. VL 1.
14.01.31 18:10:49 [INFO] alison848849547 failed FastBreak: tried to break blocks (64) faster than possible. VL 1.
14.01.31 18:10:59 [INFO] alison848849547 failed FastBreak: tried to break blocks (2) faster than possible. VL 1.
14.01.31 18:10:59 [INFO] alison848849547 failed Visible: interacts with a block out of sight. VL 12.
14.01.31 18:13:49 [INFO] alison848849547 failed Visible: interacts with a block out of sight. VL 7.
14.01.31 18:15:09 [INFO] alison848849547 failed Visible: interacts with a block out of sight. VL 6.
14.01.31 18:15:12 [INFO] alison848849547 failed FastBreak: tried to break blocks (1) faster than possible. VL 1.
14.01.31 18:15:18 [INFO] alison848849547 failed FastBreak: tried to break blocks (1) faster than possible. VL 1.
14.01.31 18:15:19 [INFO] alison848849547 failed Visible: interacts with a block out of sight. VL 6.
14.01.31 18:15:27 [INFO] alison848849547 failed FastBreak: tried to break blocks (1) faster than possible. VL 1.
14.01.31 18:15:27 [INFO] alison848849547 failed Visible: interacts with a block out of sight. VL 7.
14.01.31 18:15:47 [INFO] alison848849547 failed FastBreak: tried to break blocks (1) faster than possible. VL 1.
14.01.31 18:15:48 [INFO] alison848849547 failed Visible: interacts with a block out of sight. VL 6.
14.01.31 18:15:50 [INFO] alison848849547 failed Visible: interacts with a block out of sight. VL 7.
14.01.31 18:16:33 [INFO] alison848849547 failed FastBreak: tried to break blocks (4) faster than possible. VL 2.
14.01.31 18:16:39 [INFO] alison848849547 failed FastBreak: tried to break blocks (1) faster than possible. VL 3.
14.01.31 18:16:39 [INFO] alison848849547 failed Visible: interacts with a block out of sight. VL 8.
14.01.31 18:16:45 [INFO] alison848849547 failed FastBreak: tried to break blocks (1) faster than possible. VL 2.
14.01.31 18:16:50 [INFO] alison848849547 failed FastBreak: tried to break blocks (1) faster than possible. VL 2.
14.01.31 18:17:01 [INFO] alison848849547 failed FastBreak: tried to break blocks (1) faster than possible. VL 1.
14.01.31 18:17:08 [INFO] alison848849547 failed FastBreak: tried to break blocks (1) faster than possible. VL 1.
14.01.31 18:17:11 [INFO] alison848849547 failed Visible: interacts with a block out of sight. VL 6.
14.01.31 18:17:14 [INFO] alison848849547 failed Visible: interacts with a block out of sight. VL 6.
14.01.31 18:17:14 [INFO] alison848849547 failed FastBreak: tried to break blocks (1) faster than possible. VL 2.
14.01.31 18:17:19 [INFO] alison848849547 failed FastBreak: tried to break blocks (1) faster than possible. VL 1.
14.01.31 18:17:29 [INFO] alison848849547 failed FastBreak: tried to break blocks (1) faster than possible. VL 1.
14.01.31 18:17:32 [INFO] alison848849547 failed Visible: interacts with a block out of sight. VL 5.
14.01.31 18:17:40 [INFO] alison848849547 failed FastBreak: tried to break blocks (1) faster than possible. VL 1.
14.01.31 18:17:47 [INFO] alison848849547 failed FastBreak: tried to break blocks (1) faster than possible. VL 1.
14.01.31 18:17:48 [INFO] alison848849547 failed Visible: interacts with a block out of sight. VL 5.
14.01.31 18:17:51 [INFO] alison848849547 failed Visible: interacts with a block out of sight. VL 7.
14.01.31 20:56:23 [INFO] black_fanta14 failed NoFall: tried to avoid fall damage. VL 2.
14.01.31 20:56:30 [INFO] black_fanta14 failed NoFall: tried to avoid fall damage. VL 3.
14.01.31 21:15:46 [INFO] black_fanta14 failed NoFall: tried to avoid fall damage. VL 4.
14.01.31 21:43:01 [INFO] black_fanta14 failed SurvivalFly: tried to move from -50238.09, 71.17, -50194.70 to (HOVER) over a distance of 0.0(HOVER) block(s). VL 500.
14.02.01 01:11:40 [INFO] alison848849547 failed FastBreak: tried to break blocks (2) faster than possible. VL 1.
14.02.01 01:11:49 [INFO] alison848849547 failed FastBreak: tried to break blocks (2) faster than possible. VL 1.
14.02.01 01:12:18 [INFO] alison848849547 failed FastBreak: tried to break blocks (12) faster than possible. VL 0.
14.02.01 01:13:07 [INFO] alison848849547 failed FastBreak: tried to break blocks (12) faster than possible. VL 0.
14.02.01 01:13:07 [INFO] alison848849547 failed Visible: interacts with a block out of sight. VL 6.
14.02.01 01:13:14 [INFO] alison848849547 failed FastBreak: tried to break blocks (12) faster than possible. VL 0.
