[INFO|11:32:33]: black_fanta14 tried to place a block 49 ms after the last one (min=50 ms) 
[INFO|11:32:35]: black_fanta14 tried to place a block 2 ms after the last one (min=50 ms) 
[INFO|11:32:35]: black_fanta14 tried to place a block 1 ms after the last one (min=50 ms) 
[INFO|11:32:37]: black_fanta14 tried to place a block 47 ms after the last one (min=50 ms) 
[INFO|11:32:37]: black_fanta14 placed blocks too fast 0 times in a row (max=3) 
[INFO|11:32:37]: black_fanta14 placed blocks too fast 0 times in a row (max=3) 
[INFO|1:13:14]: Kirito89 ascended 8 times in a row (max = 8) 
[INFO|3:15:30]: ninjiegore's speed was too high while flying 3 times in a row (max=3, speed=0.9399105352026709, max speed=0.56) 
[INFO|3:15:31]: ninjiegore's speed was too high while flying 3 times in a row (max=3, speed=0.907837385420244, max speed=0.56) 
[INFO|3:15:31]: ninjiegore's speed was too high while flying 3 times in a row (max=3, speed=0.8998753127562296, max speed=0.56) 
[INFO|3:15:32]: ninjiegore's speed was too high while flying 3 times in a row (max=3, speed=0.8682162538575398, max speed=0.56) 
[INFO|3:15:32]: ninjiegore's speed was too high while flying 3 times in a row (max=3, speed=0.8596922593979883, max speed=0.56) 
[INFO|3:15:34]: ninjiegore's speed was too high while flying 3 times in a row (max=3, speed=0.960529195510567, max speed=0.56) 
[INFO|3:15:35]: ninjiegore's speed was too high while flying 3 times in a row (max=3, speed=0.860242989601474, max speed=0.56) 
[INFO|3:15:35]: ninjiegore's speed was too high while flying 3 times in a row (max=3, speed=0.860242989601474, max speed=0.56) 
[INFO|3:15:36]: ninjiegore's speed was too high while flying 3 times in a row (max=3, speed=0.947001709596428, max speed=0.56) 
[INFO|3:15:36]: ninjiegore's speed was too high while flying 3 times in a row (max=3, speed=0.8394211534719389, max speed=0.56) 
[INFO|3:15:37]: ninjiegore's speed was too high while flying 3 times in a row (max=3, speed=0.8793135863676724, max speed=0.56) 
[INFO|3:15:37]: ninjiegore's speed was too high while flying 3 times in a row (max=3, speed=0.854146811273715, max speed=0.56) 
[INFO|3:15:38]: ninjiegore's speed was too high while flying 3 times in a row (max=3, speed=0.854146811273715, max speed=0.56) 
[INFO|3:15:38]: ninjiegore's speed was too high while flying 3 times in a row (max=3, speed=1.0439680218614313, max speed=0.56) 
[INFO|3:15:39]: ninjiegore's speed was too high while flying 3 times in a row (max=3, speed=1.0130139502766866, max speed=0.56) 
[INFO|3:15:39]: ninjiegore's speed was too high while flying 3 times in a row (max=3, speed=0.9184530334876086, max speed=0.56) 
[INFO|3:15:40]: ninjiegore's speed was too high while flying 3 times in a row (max=3, speed=0.8446574690140096, max speed=0.56) 
[INFO|3:15:41]: ninjiegore's speed was too high while flying 3 times in a row (max=3, speed=1.0028290391490629, max speed=0.56) 
[INFO|3:15:42]: ninjiegore's speed was too high while flying 3 times in a row (max=3, speed=0.996133200181788, max speed=0.56) 
[INFO|3:15:43]: ninjiegore has just entered the Medium hack group. 
[INFO|3:15:43]: ninjiegore's last failed check was: Speed. 
[INFO|3:15:43]: Type '/anticheat report ninjiegore' for more information. 
[INFO|3:15:43]: ninjiegore's speed was too high while flying 3 times in a row (max=3, speed=1.020533925079942, max speed=0.56) 
[INFO|3:15:44]: ninjiegore's speed was too high while flying 3 times in a row (max=3, speed=1.0072227832996532, max speed=0.56) 
[INFO|3:15:45]: ninjiegore's speed was too high while flying 3 times in a row (max=3, speed=0.9864781073442543, max speed=0.56) 
[INFO|3:15:45]: ninjiegore's speed was too high while flying 3 times in a row (max=3, speed=0.7753424413389212, max speed=0.56) 
[INFO|3:15:52]: ninjiegore's speed was too high while flying 3 times in a row (max=3, speed=1.0193587310499197, max speed=0.56) 
[INFO|3:15:52]: ninjiegore's speed was too high while flying 3 times in a row (max=3, speed=1.0193587310499197, max speed=0.56) 
[INFO|3:15:53]: ninjiegore's speed was too high while flying 3 times in a row (max=3, speed=1.0193587310499197, max speed=0.56) 
[INFO|3:15:53]: ninjiegore's speed was too high while flying 3 times in a row (max=3, speed=1.0193587310499197, max speed=0.56) 
[INFO|3:15:54]: ninjiegore's speed was too high while flying 3 times in a row (max=3, speed=1.0193587310499197, max speed=0.56) 
[INFO|3:15:54]: ninjiegore's speed was too high while flying 3 times in a row (max=3, speed=0.8520246362567931, max speed=0.56) 
[INFO|3:15:55]: ninjiegore's speed was too high while flying 3 times in a row (max=3, speed=1.0193587310499197, max speed=0.56) 
[INFO|3:15:55]: ninjiegore's speed was too high while flying 3 times in a row (max=3, speed=1.0193587310499197, max speed=0.56) 
[INFO|3:16:02]: ninjiegore's speed was too high while flying 3 times in a row (max=3, speed=0.7861213921640626, max speed=0.56) 
[INFO|3:16:03]: ninjiegore's speed was too high while flying 3 times in a row (max=3, speed=0.7861213921640626, max speed=0.56) 
[INFO|3:16:15]: ninjiegore's speed was too high while flying 3 times in a row (max=3, speed=0.7888811965102658, max speed=0.56) 
[INFO|3:16:16]: ninjiegore's speed was too high while flying 3 times in a row (max=3, speed=0.7849687805107362, max speed=0.56) 
[INFO|3:16:18]: ninjiegore's speed was too high while flying 3 times in a row (max=3, speed=0.6183179402769345, max speed=0.56) 
[INFO|3:16:19]: ninjiegore's speed was too high while flying 3 times in a row (max=3, speed=0.9308042445550839, max speed=0.56) 
[INFO|3:16:20]: ninjiegore's speed was too high while flying 3 times in a row (max=3, speed=0.784968780510737, max speed=0.56) 
[INFO|3:16:21]: ninjiegore's speed was too high while flying 3 times in a row (max=3, speed=0.9322473802856486, max speed=0.56) 
[INFO|3:16:22]: ninjiegore's speed was too high while flying 3 times in a row (max=3, speed=0.7849687805107362, max speed=0.56) 
[INFO|3:16:23]: ninjiegore's speed was too high while flying 3 times in a row (max=3, speed=0.9325062654399794, max speed=0.56) 
[INFO|3:16:24]: ninjiegore's speed was too high while flying 3 times in a row (max=3, speed=0.7849687805107379, max speed=0.56) 
[INFO|3:16:24]: ninjiegore's speed was too high while flying 3 times in a row (max=3, speed=0.7849687805107379, max speed=0.56) 
[INFO|3:16:25]: ninjiegore's speed was too high while flying 3 times in a row (max=3, speed=0.6153456295613857, max speed=0.56) 
[INFO|3:16:26]: ninjiegore's speed was too high while flying 3 times in a row (max=3, speed=0.7849687805107379, max speed=0.56) 
[INFO|3:16:27]: ninjiegore's speed was too high while flying 3 times in a row (max=3, speed=0.7849687805107379, max speed=0.56) 
[INFO|3:16:27]: ninjiegore's speed was too high while flying 3 times in a row (max=3, speed=0.7849687805107379, max speed=0.56) 
[INFO|3:16:28]: ninjiegore's speed was too high while flying 3 times in a row (max=3, speed=0.7849687805107379, max speed=0.56) 
[INFO|3:16:28]: ninjiegore's speed was too high while flying 3 times in a row (max=3, speed=0.7849687805107379, max speed=0.56) 
[INFO|3:16:29]: ninjiegore has just entered the High hack group. 
[INFO|3:16:29]: ninjiegore's last failed check was: Speed. 
[INFO|3:16:29]: Type '/anticheat report ninjiegore' for more information. 
[INFO|3:16:29]: ninjiegore's speed was too high while flying 3 times in a row (max=3, speed=0.7849687805107379, max speed=0.56) 
[INFO|3:16:29]: ninjiegore was kicked for hacking. (Speed) 
[INFO|3:21:33]: ninjiegore tried to place a block 1 ms after the last one (min=50 ms) 
[INFO|3:26:36]: ninjiegore tried to place a block 49 ms after the last one (min=50 ms) 
[INFO|3:36:05]: simca tried to avoid fall damage (fall distance = 0 9 times in a row, max=9) 
[INFO|3:41:04]: ninjiegore ascended 8 times in a row (max = 8) 
[INFO|3:41:04]: ninjiegore ascended 8 times in a row (max = 8) 
[INFO|3:43:26]: black_fanta14 ascended 8 times in a row (max = 8) 
[INFO|3:43:26]: black_fanta14 ascended 8 times in a row (max = 8) 
[INFO|3:43:27]: black_fanta14 ascended 8 times in a row (max = 8) 
[INFO|3:43:27]: black_fanta14 ascended 8 times in a row (max = 8) 
[INFO|3:47:35]: ninjiegore tried to move through a solid block 
[INFO|3:47:35]: ninjiegore's y speed was too high (speed=1.5022792428889034, max=0.5) 
[INFO|3:49:28]: black_fanta14 ascended 8 times in a row (max = 8) 
[INFO|4:01:10]: black_fanta14's speed was too high 3 times in a row (max=3, speed=0.2524235967903543, max speed=0.25) 
[INFO|5:34:34]: Coolfish1800 tried to avoid fall damage (fall distance = 0 9 times in a row, max=9) 
[INFO|5:39:58]: black_fanta14 tried to break 2 blocks in 50 ms (max=2 in 100 ms) 
[INFO|5:43:45]: black_fanta14 tried to place a block 49 ms after the last one (min=50 ms) 
[INFO|5:45:56]: black_fanta14 tried to place a block 1 ms after the last one (min=50 ms) 
[INFO|5:46:11]: black_fanta14 tried to place a block 1 ms after the last one (min=50 ms) 
[INFO|5:46:21]: black_fanta14 tried to place a block 2 ms after the last one (min=50 ms) 
[INFO|5:46:23]: black_fanta14 placed blocks too fast 0 times in a row (max=3) 
[INFO|5:46:28]: black_fanta14 placed blocks too fast 0 times in a row (max=3) 
[INFO|5:46:36]: black_fanta14 placed blocks too fast 0 times in a row (max=3) 
[INFO|5:47:31]: black_fanta14 tried to place a block 10 ms after the last one (min=50 ms) 
[INFO|5:47:45]: black_fanta14 tried to place a block 1 ms after the last one (min=50 ms) 
[INFO|5:48:54]: black_fanta14 tried to place a block 2 ms after the last one (min=50 ms) 
[INFO|5:48:57]: black_fanta14 tried to place a block 2 ms after the last one (min=50 ms) 
[INFO|5:48:59]: black_fanta14 placed blocks too fast 0 times in a row (max=3) 
[INFO|5:50:02]: black_fanta14 tried to place a block 1 ms after the last one (min=50 ms) 
[INFO|5:51:15]: black_fanta14 tried to place a block 1 ms after the last one (min=50 ms) 
[INFO|5:51:17]: black_fanta14 tried to place a block 17 ms after the last one (min=50 ms) 
[INFO|5:51:24]: black_fanta14 tried to place a block 2 ms after the last one (min=50 ms) 
[INFO|5:51:25]: black_fanta14 placed blocks too fast 0 times in a row (max=3) 
[INFO|5:51:29]: black_fanta14 placed blocks too fast 0 times in a row (max=3) 
[INFO|5:51:35]: black_fanta14 placed blocks too fast 0 times in a row (max=3) 
[INFO|5:51:45]: black_fanta14 placed blocks too fast 0 times in a row (max=3) 
[INFO|6:10:41]: black_fanta14 tried to place a block 1 ms after the last one (min=50 ms) 
[INFO|6:25:04]: black_fanta14 was kicked for hacking. (Command spam) 
[INFO|6:28:35]: black_fanta14 tried to place a block 1 ms after the last one (min=50 ms) 
[INFO|6:28:35]: black_fanta14 tried to place a block 49 ms after the last one (min=50 ms) 
[INFO|6:28:36]: black_fanta14 tried to place a block 1 ms after the last one (min=50 ms) 
[INFO|6:37:41]: black_fanta14 tried to place a block 1 ms after the last one (min=50 ms) 
[INFO|6:37:42]: black_fanta14 placed blocks too fast 0 times in a row (max=3) 
[INFO|6:37:42]: black_fanta14 placed blocks too fast 0 times in a row (max=3) 
[INFO|6:37:48]: black_fanta14 placed blocks too fast 0 times in a row (max=3) 
[INFO|6:37:55]: black_fanta14 placed blocks too fast 0 times in a row (max=3) 
[INFO|6:37:56]: black_fanta14 placed blocks too fast 0 times in a row (max=3) 
[INFO|6:37:57]: black_fanta14 placed blocks too fast 0 times in a row (max=3) 
[INFO|6:37:57]: black_fanta14 placed blocks too fast 0 times in a row (max=3) 
[INFO|6:37:58]: black_fanta14 placed blocks too fast 0 times in a row (max=3) 
[INFO|6:37:58]: black_fanta14 placed blocks too fast 0 times in a row (max=3) 
[INFO|6:37:58]: black_fanta14 placed blocks too fast 0 times in a row (max=3) 
[INFO|6:37:58]: black_fanta14 placed blocks too fast 0 times in a row (max=3) 
[INFO|6:37:59]: black_fanta14 placed blocks too fast 0 times in a row (max=3) 
[INFO|6:37:59]: black_fanta14 placed blocks too fast 0 times in a row (max=3) 
[INFO|6:37:59]: black_fanta14 placed blocks too fast 0 times in a row (max=3) 
[INFO|6:37:59]: black_fanta14 placed blocks too fast 0 times in a row (max=3) 
[INFO|6:38:00]: black_fanta14 placed blocks too fast 0 times in a row (max=3) 
[INFO|6:38:00]: black_fanta14 placed blocks too fast 0 times in a row (max=3) 
[INFO|6:41:08]: black_fanta14 tried to break 2 blocks in 51 ms (max=2 in 100 ms) 
[INFO|6:41:18]: black_fanta14 tried to place a block 45 ms after the last one (min=50 ms) 
[INFO|7:25:49]: black_fanta14 tried to place a block 3 ms after the last one (min=50 ms) 
[INFO|7:31:18]: black_fanta14's speed was too high 3 times in a row (max=3, speed=0.2531507723755908, max speed=0.25) 
[INFO|7:34:37]: black_fanta14 tried to place a block 1 ms after the last one (min=50 ms) 
[INFO|7:41:43]: black_fanta14 was kicked for hacking. (Command spam) 
[INFO|7:42:55]: black_fanta14 was banned for hacking. (Command spam) 
[INFO|7:48:23]: black_fanta14 was banned for hacking. (Command spam) 
[INFO|10:21:01]: black_fanta14 tried to place a block 49 ms after the last one (min=50 ms) 
[INFO|10:52:39]: black_fanta14 tried to place a block 1 ms after the last one (min=50 ms) 
[INFO|10:57:23]: black_fanta14 tried to place a block 49 ms after the last one (min=50 ms) 
[INFO|11:49:58]: Kirito89 was sneaking too fast (speed=0.2024701948677432, max=0.15) 
[INFO|11:50:49]: Kirito89 tried to break 2 blocks in 50 ms (max=2 in 100 ms) 
[INFO|11:51:11]: Kirito89 tried to place a block 49 ms after the last one (min=50 ms) 
[INFO|11:51:15]: Kirito89 tried to break 2 blocks in 99 ms (max=2 in 100 ms) 
[INFO|11:53:50]: Kirito89 tried to place a block 1 ms after the last one (min=50 ms) 
[INFO|11:54:16]: Kirito89 tried to place a block 45 ms after the last one (min=50 ms) 
[INFO|11:54:18]: Kirito89 tried to place a block 49 ms after the last one (min=50 ms) 
[INFO|11:54:19]: Kirito89 placed blocks too fast 0 times in a row (max=3) 
[INFO|11:54:20]: Kirito89 placed blocks too fast 0 times in a row (max=3) 
[INFO|11:57:15]: Kirito89 tried to place a block 0 ms after the last one (min=50 ms) 
[INFO|11:57:45]: Kirito89 tried to break 2 blocks in 50 ms (max=2 in 100 ms) 
[INFO|11:59:41]: Kirito89 tried to break 2 blocks in 1 ms (max=2 in 100 ms) 
[INFO|1:32:57]: alison848849547's y speed was too high (speed=2.385503922782334, max=0.5) 
[INFO|1:34:30]: alison848849547's y speed was too high (speed=4.3018278442900595, max=0.5) 
[INFO|3:19:30]: ZexyZek's speed was too high while flying 3 times in a row (max=3, speed=1.4166368279777828, max speed=1.360000011920929) 
[INFO|3:19:30]: ZexyZek's speed was too high while flying 3 times in a row (max=3, speed=1.862481714314896, max speed=1.360000011920929) 
[INFO|3:19:31]: ZexyZek's speed was too high while flying 3 times in a row (max=3, speed=1.4166368279777828, max speed=1.360000011920929) 
[INFO|3:20:49]: ZexyZek's speed was too high 3 times in a row (max=3, speed=1.064404181715247, max speed=1.050000011920929) 
[INFO|3:20:53]: ZexyZek's speed was too high 3 times in a row (max=3, speed=1.0734708743850092, max speed=1.050000011920929) 
[INFO|3:21:13]: ZexyZek's speed was too high 3 times in a row (max=3, speed=1.0697213965902392, max speed=1.050000011920929) 
[INFO|3:21:14]: ZexyZek stood on water 4 times (can't stand on STATIONARY_WATER or STATIONARY_WATER) 
[INFO|3:21:28]: ZexyZek stood on water 4 times (can't stand on STATIONARY_WATER or SAND) 
[INFO|3:21:30]: ZexyZek's speed was too high 3 times in a row (max=3, speed=1.0713548876842651, max speed=1.050000011920929) 
[INFO|4:54:39]: uenvy ascended 8 times in a row (max = 8) 
[INFO|10:57:21]: black_fanta14 ascended 8 times in a row (max = 8) 
[INFO|11:13:04]: black_fanta14 was kicked for hacking. (Command spam) 
[INFO|11:21:33]: black_fanta14's speed was too high with speed potion 3 times in a row (max=3, speed=3.741275559917966, max speed=0.7) 
[INFO|11:21:33]: black_fanta14's speed was too high with speed potion 3 times in a row (max=3, speed=2.02876353263855, max speed=0.7) 
[INFO|11:21:33]: black_fanta14's speed was too high with speed potion 3 times in a row (max=3, speed=2.02876353263855, max speed=0.7) 
[INFO|11:21:34]: black_fanta14's speed was too high with speed potion 3 times in a row (max=3, speed=2.02876353263855, max speed=0.7) 
[INFO|11:21:34]: black_fanta14's speed was too high with speed potion 3 times in a row (max=3, speed=2.117724824446654, max speed=0.7) 
[INFO|11:21:34]: black_fanta14's speed was too high with speed potion 3 times in a row (max=3, speed=2.02876353263855, max speed=0.7) 
[INFO|11:21:34]: black_fanta14's speed was too high with speed potion 3 times in a row (max=3, speed=2.02876353263855, max speed=0.7) 
[INFO|11:21:36]: black_fanta14's speed was too high with speed potion 3 times in a row (max=3, speed=3.5732847556600547, max speed=0.7) 
[INFO|11:21:36]: black_fanta14's speed was too high with speed potion 3 times in a row (max=3, speed=2.0226347139052905, max speed=0.7) 
[INFO|11:21:36]: black_fanta14's speed was too high with speed potion 3 times in a row (max=3, speed=1.937667965888977, max speed=0.7) 
[INFO|11:21:36]: black_fanta14's speed was too high with speed potion 3 times in a row (max=3, speed=1.937667965888977, max speed=0.7) 
[INFO|11:21:37]: black_fanta14's speed was too high with speed potion 3 times in a row (max=3, speed=1.937667965888977, max speed=0.7) 
[INFO|11:21:37]: black_fanta14's speed was too high with speed potion 3 times in a row (max=3, speed=1.937667965888977, max speed=0.7) 
[INFO|11:21:37]: black_fanta14's speed was too high with speed potion 3 times in a row (max=3, speed=1.937667965888977, max speed=0.7) 
[INFO|11:21:46]: black_fanta14's speed was too high with speed potion 3 times in a row (max=3, speed=0.8045155423249923, max speed=0.7) 
[INFO|11:21:47]: black_fanta14's speed was too high with speed potion 3 times in a row (max=3, speed=0.8041527179842092, max speed=0.7) 
[INFO|11:21:47]: black_fanta14's speed was too high with speed potion 3 times in a row (max=3, speed=0.8041527179842092, max speed=0.7) 
[INFO|11:21:48]: black_fanta14's speed was too high with speed potion 3 times in a row (max=3, speed=0.8073392457127255, max speed=0.7) 
[INFO|11:21:57]: black_fanta14's speed was too high with speed potion 3 times in a row (max=3, speed=0.7533471564724437, max speed=0.7) 
[INFO|11:21:58]: black_fanta14 has just entered the Medium hack group. 
[INFO|11:21:58]: black_fanta14's last failed check was: Speed. 
[INFO|11:21:58]: Type '/anticheat report black_fanta14' for more information. 
[INFO|11:21:58]: black_fanta14's speed was too high with speed potion 3 times in a row (max=3, speed=0.7537210190764405, max speed=0.7) 
[INFO|11:21:58]: black_fanta14's speed was too high with speed potion 3 times in a row (max=3, speed=0.7537210190764405, max speed=0.7) 
[INFO|11:21:59]: black_fanta14's speed was too high with speed potion 3 times in a row (max=3, speed=3.18420590863267, max speed=0.7) 
[INFO|11:22:08]: black_fanta14's speed was too high with speed potion 3 times in a row (max=3, speed=0.7082609630776702, max speed=0.7) 
[INFO|11:22:11]: black_fanta14's speed was too high with speed potion 3 times in a row (max=3, speed=0.7109816199045795, max speed=0.7) 
[INFO|11:22:18]: black_fanta14's speed was too high with speed potion 3 times in a row (max=3, speed=0.7629191384449285, max speed=0.7) 
[INFO|11:22:18]: black_fanta14's speed was too high with speed potion 3 times in a row (max=3, speed=0.7552926552653503, max speed=0.7) 
[INFO|11:22:19]: black_fanta14's speed was too high with speed potion 3 times in a row (max=3, speed=0.7552926552653503, max speed=0.7) 
[INFO|11:22:20]: black_fanta14's speed was too high with speed potion 3 times in a row (max=3, speed=0.7552926552653503, max speed=0.7) 
[INFO|11:22:20]: black_fanta14's speed was too high with speed potion 3 times in a row (max=3, speed=0.7552926552653503, max speed=0.7) 
[INFO|11:22:21]: black_fanta14's speed was too high with speed potion 3 times in a row (max=3, speed=0.7552926552653503, max speed=0.7) 
[INFO|11:22:21]: black_fanta14's speed was too high with speed potion 3 times in a row (max=3, speed=0.7552926552653503, max speed=0.7) 
[INFO|11:22:22]: black_fanta14's speed was too high with speed potion 3 times in a row (max=3, speed=0.7552926552653503, max speed=0.7) 
[INFO|11:22:22]: black_fanta14's speed was too high with speed potion 3 times in a row (max=3, speed=0.7562833047572894, max speed=0.7) 
[INFO|11:22:23]: black_fanta14's speed was too high with speed potion 3 times in a row (max=3, speed=0.7563394754566843, max speed=0.7) 
[INFO|11:22:23]: black_fanta14's speed was too high with speed potion 3 times in a row (max=3, speed=0.7563394754566843, max speed=0.7) 
[INFO|11:22:24]: black_fanta14's speed was too high with speed potion 3 times in a row (max=3, speed=0.7563394754566843, max speed=0.7) 
[INFO|11:22:24]: black_fanta14's speed was too high with speed potion 3 times in a row (max=3, speed=0.7563394754566843, max speed=0.7) 
[INFO|11:22:25]: black_fanta14's speed was too high with speed potion 3 times in a row (max=3, speed=0.7568563100164738, max speed=0.7) 
[INFO|11:22:26]: black_fanta14's speed was too high with speed potion 3 times in a row (max=3, speed=0.7562353046883175, max speed=0.7) 
[INFO|11:22:26]: black_fanta14's speed was too high with speed potion 3 times in a row (max=3, speed=0.7562353046883175, max speed=0.7) 
[INFO|11:22:34]: black_fanta14's speed was too high with speed potion while sprinting 3 times in a row (max=3, speed=0.9995009119705571, max speed=0.95) 
[INFO|11:22:34]: black_fanta14's speed was too high with speed potion while sprinting 3 times in a row (max=3, speed=0.9952261462428851, max speed=0.95) 
[INFO|11:22:39]: black_fanta14's speed was too high with speed potion 3 times in a row (max=3, speed=0.727822721591167, max speed=0.7) 
[INFO|11:22:40]: black_fanta14's speed was too high with speed potion 3 times in a row (max=3, speed=0.7278614553501939, max speed=0.7) 
[INFO|11:25:38]: black_fanta14's speed was too high with speed potion 3 times in a row (max=3, speed=0.7028757305320106, max speed=0.7) 
[INFO|11:25:51]: black_fanta14's speed was too high with speed potion 3 times in a row (max=3, speed=0.7242040536994949, max speed=0.7) 
[INFO|11:25:51]: black_fanta14's speed was too high with speed potion 3 times in a row (max=3, speed=0.7252762950248268, max speed=0.7) 
[INFO|11:25:57]: black_fanta14's speed was too high with speed potion 3 times in a row (max=3, speed=0.7398612954195496, max speed=0.7) 
[INFO|11:26:03]: black_fanta14's speed was too high with speed potion 3 times in a row (max=3, speed=0.8598898235547558, max speed=0.7) 
[INFO|11:26:04]: black_fanta14 has just entered the High hack group. 
[INFO|11:26:04]: black_fanta14's last failed check was: Speed. 
[INFO|11:26:04]: Type '/anticheat report black_fanta14' for more information. 
[INFO|11:26:04]: black_fanta14's speed was too high with speed potion 3 times in a row (max=3, speed=0.8575048372163891, max speed=0.7) 
[INFO|11:26:04]: black_fanta14 was kicked for hacking. (Speed) 
[INFO|11:26:32]: black_fanta14's speed was too high with speed potion while sprinting 3 times in a row (max=3, speed=1.1217313090954946, max speed=0.95) 
[INFO|11:26:32]: black_fanta14's speed was too high with speed potion while sprinting 3 times in a row (max=3, speed=1.0538906875926628, max speed=0.95) 
[INFO|11:26:33]: black_fanta14's speed was too high with speed potion while sprinting 3 times in a row (max=3, speed=1.1080093134106122, max speed=0.95) 
[INFO|11:26:33]: black_fanta14's speed was too high with speed potion while sprinting 3 times in a row (max=3, speed=1.1080093134106122, max speed=0.95) 
[INFO|11:26:34]: black_fanta14's speed was too high with speed potion while sprinting 3 times in a row (max=3, speed=1.1080093134106122, max speed=0.95) 
[INFO|11:26:34]: black_fanta14's speed was too high with speed potion while sprinting 3 times in a row (max=3, speed=1.1075753915966473, max speed=0.95) 
[INFO|11:26:35]: black_fanta14's speed was too high with speed potion while sprinting 3 times in a row (max=3, speed=1.106731611777164, max speed=0.95) 
[INFO|11:26:35]: black_fanta14's speed was too high with speed potion while sprinting 3 times in a row (max=3, speed=1.1071003270596051, max speed=0.95) 
[INFO|11:26:36]: black_fanta14's speed was too high with speed potion while sprinting 3 times in a row (max=3, speed=1.1071003270596051, max speed=0.95) 
[INFO|11:26:36]: black_fanta14 has just entered the High hack group. 
[INFO|11:26:36]: black_fanta14's last failed check was: Speed. 
[INFO|11:26:36]: Type '/anticheat report black_fanta14' for more information. 
[INFO|11:26:36]: black_fanta14's speed was too high with speed potion while sprinting 3 times in a row (max=3, speed=1.1054793787449384, max speed=0.95) 
[INFO|11:26:36]: black_fanta14 was kicked for hacking. (Speed) 
[INFO|11:26:52]: black_fanta14's speed was too high with speed potion 3 times in a row (max=3, speed=0.7227438139302365, max speed=0.7) 
[INFO|3:44:48]: lloyd190 ascended 8 times in a row (max = 8) 
[INFO|3:44:54]: lloyd190's y speed was too high (speed=0.9282464000000061, max=0.5) 
