[INFO|1:00:15]: Kirito89 tried to avoid fall damage (fall distance = 0 9 times in a row, max=9) 
[INFO|1:01:34]: Kirito89 stood on water 1 times (can't stand on AIR or STATIONARY_WATER) 
[INFO|1:01:35]: Kirito89 stood on water 2 times (can't stand on AIR or STATIONARY_WATER) 
[INFO|1:12:16]: Kirito89 was sneaking too fast (speed=0.17293963009083768, max=0.15) 
[INFO|1:13:50]: Kirito89 tried to avoid fall damage (fall distance = 0 9 times in a row, max=9) 
[INFO|1:13:56]: Kirito89 tried to avoid fall damage (fall distance = 0 9 times in a row, max=9) 
[INFO|1:14:50]: Kirito89 tried to avoid fall damage (fall distance = 0 9 times in a row, max=9) 
[INFO|1:15:53]: Kirito89 ascended 8 times in a row (max = 8) 
[INFO|1:15:53]: Kirito89 ascended 8 times in a row (max = 8) 
[INFO|1:16:02]: Kirito89 tried to avoid fall damage (fall distance = 0 9 times in a row, max=9) 
[INFO|1:16:21]: Kirito89 tried to avoid fall damage (fall distance = 0 9 times in a row, max=9) 
[INFO|1:17:09]: Kirito89 tried to break 2 blocks in 899 ms (max=2 in 950 ms) 
[INFO|1:18:09]: Kirito89 tried to avoid fall damage (fall distance = 0 9 times in a row, max=9) 
[INFO|1:18:32]: Kirito89 tried to avoid fall damage (fall distance = 0 9 times in a row, max=9) 
[INFO|1:18:34]: Kirito89 tried to avoid fall damage (fall distance = 0 9 times in a row, max=9) 
[INFO|1:18:41]: Kirito89 tried to avoid fall damage (fall distance = 0 9 times in a row, max=9) 
[INFO|1:18:56]: Kirito89 tried to avoid fall damage (fall distance = 0 9 times in a row, max=9) 
[INFO|1:18:58]: Kirito89 tried to avoid fall damage (fall distance = 0 9 times in a row, max=9) 
[INFO|1:19:46]: Kirito89 tried to avoid fall damage (fall distance = 0 9 times in a row, max=9) 
[INFO|1:19:48]: Kirito89 tried to avoid fall damage (fall distance = 0 9 times in a row, max=9) 
[INFO|11:12:38]: ninjiegore tried to break 2 blocks in 359 ms (max=2 in 525 ms) 
[INFO|11:12:58]: ninjiegore switched tools too fast (had TORCH, has IRON_PICKAXE) 
[INFO|11:16:30]: Dantay tried to avoid fall damage (fall distance = 0 9 times in a row, max=9) 
[INFO|11:16:46]: Dantay tried to avoid fall damage (fall distance = 0 9 times in a row, max=9) 
[INFO|11:16:54]: Dantay tried to avoid fall damage (fall distance = 0 9 times in a row, max=9) 
[INFO|11:16:54]: ninjiegore tried to avoid fall damage (fall distance = 0 9 times in a row, max=9) 
[INFO|11:18:57]: ninjiegore tried to avoid fall damage (fall distance = 0 9 times in a row, max=9) 
[INFO|11:18:59]: ninjiegore tried to avoid fall damage (fall distance = 0 9 times in a row, max=9) 
[INFO|11:19:00]: ninjiegore tried to avoid fall damage (fall distance = 0 9 times in a row, max=9) 
[INFO|11:19:08]: ninjiegore tried to avoid fall damage (fall distance = 0 9 times in a row, max=9) 
[INFO|11:19:09]: ninjiegore tried to avoid fall damage (fall distance = 0 9 times in a row, max=9) 
[INFO|11:19:22]: ninjiegore tried to avoid fall damage (fall distance = 0 9 times in a row, max=9) 
[INFO|11:19:24]: ninjiegore tried to avoid fall damage (fall distance = 0 9 times in a row, max=9) 
[INFO|11:19:26]: ninjiegore tried to avoid fall damage (fall distance = 0 9 times in a row, max=9) 
[INFO|11:23:12]: Dantay tried to avoid fall damage (fall distance = 0 9 times in a row, max=9) 
[INFO|11:24:13]: ninjiegore tried to avoid fall damage (fall distance = 0 9 times in a row, max=9) 
[INFO|11:24:28]: Dantay tried to avoid fall damage (fall distance = 0 9 times in a row, max=9) 
[INFO|11:26:27]: Dantay tried to avoid fall damage (fall distance = 0 9 times in a row, max=9) 
[INFO|11:26:32]: Dantay tried to avoid fall damage (fall distance = 0 9 times in a row, max=9) 
[INFO|11:26:35]: Dantay tried to avoid fall damage (fall distance = 0 9 times in a row, max=9) 
[INFO|11:26:37]: Dantay tried to avoid fall damage (fall distance = 0 9 times in a row, max=9) 
[INFO|11:26:39]: Dantay tried to avoid fall damage (fall distance = 0 9 times in a row, max=9) 
[INFO|11:26:51]: Dantay tried to avoid fall damage (fall distance = 0 9 times in a row, max=9) 
[INFO|11:26:55]: Dantay tried to avoid fall damage (fall distance = 0 9 times in a row, max=9) 
[INFO|11:26:57]: Dantay tried to avoid fall damage (fall distance = 0 9 times in a row, max=9) 
[INFO|11:26:59]: Dantay tried to avoid fall damage (fall distance = 0 9 times in a row, max=9) 
[INFO|11:27:48]: ninjiegore tried to avoid fall damage (fall distance = 0 9 times in a row, max=9) 
[INFO|11:27:49]: ninjiegore tried to avoid fall damage (fall distance = 0 9 times in a row, max=9) 
[INFO|11:36:08]: black_fanta14 tried to avoid fall damage (fall distance = 0 9 times in a row, max=9) 
[INFO|11:38:01]: black_fanta14 tried to break a block of QUARTZ_BLOCK after only 4 punches (min=5) 
[INFO|11:39:36]: Dantay tried to avoid fall damage (fall distance = 0 9 times in a row, max=9) 
[INFO|11:39:58]: black_fanta14 tried to break 2 blocks in 899 ms (max=2 in 900 ms) 
[INFO|11:41:45]: black_fanta14 tried to avoid fall damage (fall distance = 0 9 times in a row, max=9) 
[INFO|11:50:12]: Dantay tried to avoid fall damage (fall distance = 0 9 times in a row, max=9) 
[INFO|11:50:17]: Dantay tried to avoid fall damage (fall distance = 0 9 times in a row, max=9) 
[INFO|11:51:12]: Dantay tried to avoid fall damage (fall distance = 0 9 times in a row, max=9) 
[INFO|11:51:15]: Dantay tried to avoid fall damage (fall distance = 0 9 times in a row, max=9) 
[INFO|11:51:21]: Dantay tried to avoid fall damage (fall distance = 0 9 times in a row, max=9) 
[INFO|11:51:23]: Dantay tried to avoid fall damage (fall distance = 0 9 times in a row, max=9) 
[INFO|11:51:33]: Dantay tried to avoid fall damage (fall distance = 0 9 times in a row, max=9) 
[INFO|11:52:42]: ninjiegore tried to break 2 blocks in 446 ms (max=2 in 525 ms) 
[INFO|11:52:46]: Dantay tried to avoid fall damage (fall distance = 0 9 times in a row, max=9) 
[INFO|11:53:03]: Dantay tried to avoid fall damage (fall distance = 0 9 times in a row, max=9) 
[INFO|11:53:06]: Dantay tried to avoid fall damage (fall distance = 0 9 times in a row, max=9) 
[INFO|11:53:08]: Dantay tried to avoid fall damage (fall distance = 0 9 times in a row, max=9) 
[INFO|11:53:09]: Dantay tried to avoid fall damage (fall distance = 0 9 times in a row, max=9) 
[INFO|11:53:16]: Dantay tried to avoid fall damage (fall distance = 0 9 times in a row, max=9) 
[INFO|11:53:23]: ninjiegore tried to avoid fall damage (fall distance = 0 9 times in a row, max=9) 
[INFO|11:53:24]: ninjiegore tried to avoid fall damage (fall distance = 0 9 times in a row, max=9) 
[INFO|11:53:26]: ninjiegore tried to avoid fall damage (fall distance = 0 9 times in a row, max=9) 
[INFO|11:53:28]: ninjiegore tried to avoid fall damage (fall distance = 0 9 times in a row, max=9) 
[INFO|11:53:30]: ninjiegore tried to avoid fall damage (fall distance = 0 9 times in a row, max=9) 
[INFO|11:53:31]: ninjiegore tried to avoid fall damage (fall distance = 0 9 times in a row, max=9) 
[INFO|11:53:34]: ninjiegore tried to avoid fall damage (fall distance = 0 9 times in a row, max=9) 
[INFO|11:53:37]: ninjiegore tried to avoid fall damage (fall distance = 0 9 times in a row, max=9) 
[INFO|11:53:43]: ninjiegore tried to avoid fall damage (fall distance = 0 9 times in a row, max=9) 
[INFO|11:54:04]: Dantay tried to avoid fall damage (fall distance = 0 9 times in a row, max=9) 
[INFO|11:54:07]: Dantay tried to avoid fall damage (fall distance = 0 9 times in a row, max=9) 
[INFO|11:54:10]: Dantay tried to avoid fall damage (fall distance = 0 9 times in a row, max=9) 
[INFO|11:54:11]: Dantay tried to avoid fall damage (fall distance = 0 9 times in a row, max=9) 
[INFO|11:54:13]: Dantay tried to avoid fall damage (fall distance = 0 9 times in a row, max=9) 
[INFO|11:54:15]: Dantay tried to avoid fall damage (fall distance = 0 9 times in a row, max=9) 
[INFO|11:54:19]: Dantay tried to avoid fall damage (fall distance = 0 9 times in a row, max=9) 
[INFO|11:54:22]: Dantay tried to avoid fall damage (fall distance = 0 9 times in a row, max=9) 
[INFO|11:55:06]: ninjiegore tried to avoid fall damage (fall distance = 0 9 times in a row, max=9) 
[INFO|11:55:52]: Dantay tried to avoid fall damage (fall distance = 0 9 times in a row, max=9) 
[INFO|11:56:05]: Dantay tried to avoid fall damage (fall distance = 0 9 times in a row, max=9) 
[INFO|11:56:13]: Dantay tried to avoid fall damage (fall distance = 0 9 times in a row, max=9) 
[INFO|11:56:28]: Dantay tried to avoid fall damage (fall distance = 0 9 times in a row, max=9) 
[INFO|11:56:55]: Dantay tried to avoid fall damage (fall distance = 0 9 times in a row, max=9) 
[INFO|11:57:49]: Dantay tried to avoid fall damage (fall distance = 0 9 times in a row, max=9) 
[INFO|11:57:51]: Dantay tried to avoid fall damage (fall distance = 0 9 times in a row, max=9) 
[INFO|11:58:09]: Dantay tried to avoid fall damage (fall distance = 0 9 times in a row, max=9) 
[INFO|11:58:25]: black_fanta14 tried to avoid fall damage (fall distance = 0 9 times in a row, max=9) 
[INFO|11:58:34]: Dantay tried to avoid fall damage (fall distance = 0 9 times in a row, max=9) 
[INFO|11:58:38]: Dantay has just entered the Medium hack group. 
[INFO|11:58:38]: Dantay's last failed check was: Nofall. 
[INFO|11:58:38]: Type '/anticheat report Dantay' for more information. 
[INFO|11:58:38]: Dantay tried to avoid fall damage (fall distance = 0 9 times in a row, max=9) 
[INFO|11:58:40]: Dantay tried to avoid fall damage (fall distance = 0 9 times in a row, max=9) 
[INFO|11:58:43]: Dantay tried to avoid fall damage (fall distance = 0 9 times in a row, max=9) 
[INFO|11:59:01]: black_fanta14 tried to break a block of QUARTZ_BLOCK after only 4 punches (min=5) 
[INFO|12:00:27]: ninjiegore tried to avoid fall damage (fall distance = 0 9 times in a row, max=9) 
[INFO|12:00:29]: Dantay has just entered the Medium hack group. 
[INFO|12:00:29]: Dantay's last failed check was: Nofall. 
[INFO|12:00:29]: Type '/anticheat report Dantay' for more information. 
[INFO|12:00:29]: Dantay tried to avoid fall damage (fall distance = 0 9 times in a row, max=9) 
[INFO|12:02:50]: Dantay switched tools too fast (had AIR, has GRAVEL) 
[INFO|12:06:37]: Dantay tried to break 2 blocks in 518 ms (max=2 in 525 ms) 
[INFO|12:10:23]: ninjiegore's y speed was too high (speed=0.596599980592714, max=0.5) 
[INFO|12:11:47]: Dantay tried to avoid fall damage (fall distance = 0 9 times in a row, max=9) 
[INFO|12:14:24]: ninjiegore tried to avoid fall damage (fall distance = 0 9 times in a row, max=9) 
[INFO|12:14:40]: black_fanta14 tried to avoid fall damage (fall distance = 0 9 times in a row, max=9) 
[INFO|12:15:02]: ninjiegore tried to avoid fall damage (fall distance = 0 9 times in a row, max=9) 
[INFO|12:18:58]: ninjiegore tried to avoid fall damage (fall distance = 0 9 times in a row, max=9) 
[INFO|12:22:07]: Dantay stood on water 1 times (can't stand on AIR or STATIONARY_WATER) 
[INFO|12:22:34]: Dantay stood on water 2 times (can't stand on AIR or STATIONARY_WATER) 
[INFO|12:22:34]: Dantay stood on water 3 times (can't stand on AIR or STATIONARY_WATER) 
[INFO|12:22:34]: Dantay stood on water 4 times (can't stand on AIR or STATIONARY_WATER) 
[INFO|12:22:35]: Dantay stood on water 5 times (can't stand on AIR or STATIONARY_WATER) 
[INFO|12:22:35]: Dantay stood on water 6 times (can't stand on AIR or STATIONARY_WATER) 
[INFO|12:23:37]: Dantay tried to avoid fall damage (fall distance = 0 9 times in a row, max=9) 
[INFO|12:24:28]: Dantay tried to avoid fall damage (fall distance = 0 9 times in a row, max=9) 
[INFO|12:24:33]: Dantay tried to avoid fall damage (fall distance = 0 9 times in a row, max=9) 
[INFO|12:25:50]: Dantay tried to avoid fall damage (fall distance = 0 9 times in a row, max=9) 
[INFO|12:26:27]: Dantay tried to avoid fall damage (fall distance = 0 9 times in a row, max=9) 
[INFO|12:28:27]: Dantay tried to avoid fall damage (fall distance = 0 9 times in a row, max=9) 
[INFO|12:31:16]: Dantay tried to avoid fall damage (fall distance = 0 9 times in a row, max=9) 
[INFO|12:31:19]: Dantay tried to avoid fall damage (fall distance = 0 9 times in a row, max=9) 
[INFO|12:31:20]: Dantay tried to avoid fall damage (fall distance = 0 9 times in a row, max=9) 
[INFO|12:31:22]: Dantay tried to avoid fall damage (fall distance = 0 9 times in a row, max=9) 
[INFO|12:31:23]: Dantay tried to avoid fall damage (fall distance = 0 9 times in a row, max=9) 
[INFO|12:34:53]: Dantay tried to avoid fall damage (fall distance = 0 9 times in a row, max=9) 
[INFO|12:42:01]: Dantay tried to avoid fall damage (fall distance = 0 9 times in a row, max=9) 
[INFO|12:42:53]: Dantay stood on water 7 times (can't stand on AIR or STATIONARY_WATER) 
[INFO|12:42:56]: Dantay stood on water 4 times (can't stand on STATIONARY_WATER or SAND) 
[INFO|12:43:00]: Dantay stood on water 8 times (can't stand on AIR or STATIONARY_WATER) 
[INFO|12:43:11]: Dantay tried to avoid fall damage (fall distance = 0 9 times in a row, max=9) 
[INFO|12:43:25]: Dantay stood on water 9 times (can't stand on AIR or STATIONARY_WATER) 
[INFO|12:43:50]: Dantay tried to avoid fall damage (fall distance = 0 9 times in a row, max=9) 
[INFO|12:45:19]: Dantay tried to avoid fall damage (fall distance = 0 9 times in a row, max=9) 
[INFO|12:45:41]: Dantay tried to avoid fall damage (fall distance = 0 9 times in a row, max=9) 
[INFO|12:46:02]: Dantay stood on water 10 times (can't stand on AIR or STATIONARY_WATER) 
[INFO|12:46:03]: Dantay stood on water 11 times (can't stand on AIR or STATIONARY_WATER) 
[INFO|12:48:48]: Dantay tried to avoid fall damage (fall distance = 0 9 times in a row, max=9) 
[INFO|12:49:35]: Dantay tried to avoid fall damage (fall distance = 0 9 times in a row, max=9) 
[INFO|12:50:04]: Dantay tried to avoid fall damage (fall distance = 0 9 times in a row, max=9) 
[INFO|12:50:22]: Dantay tried to avoid fall damage (fall distance = 0 9 times in a row, max=9) 
[INFO|12:51:12]: Dantay tried to avoid fall damage (fall distance = 0 9 times in a row, max=9) 
[INFO|3:49:41]: ninjiegore's y speed was too high (speed=1.3235158746231939, max=0.5) 
[INFO|3:49:42]: ninjiegore's y speed was too high (speed=0.6216000461578624, max=0.5) 
[INFO|3:51:48]: black_fanta14 spam-repeated "ok" 
[INFO|3:52:28]: ninjiegore switched tools too fast (had IRON_SWORD, has IRON_PICKAXE) 
[INFO|3:52:38]: ninjiegore tried to avoid fall damage (fall distance = 0 9 times in a row, max=9) 
[INFO|3:52:44]: ninjiegore tried to avoid fall damage (fall distance = 0 9 times in a row, max=9) 
[INFO|3:53:48]: ninjiegore tried to avoid fall damage (fall distance = 0 9 times in a row, max=9) 
[INFO|3:53:50]: ninjiegore tried to avoid fall damage (fall distance = 0 9 times in a row, max=9) 
[INFO|3:54:41]: black_fanta14 tried to avoid fall damage (fall distance = 0 9 times in a row, max=9) 
[INFO|3:54:53]: black_fanta14 tried to avoid fall damage (fall distance = 0 9 times in a row, max=9) 
[INFO|7:57:09]: SyberMC tried to avoid fall damage (fall distance = 0 9 times in a row, max=9) 
[INFO|7:58:37]: SyberMC tried to break 2 blocks in 1 ms (max=2 in 100 ms) 
[INFO|8:00:33]: SyberMC tried to place a block 2 ms after the last one (min=50 ms) 
[INFO|8:00:37]: SyberMC tried to place a block 1 ms after the last one (min=50 ms) 
[INFO|9:15:07]: MineCraftGirl515 tried to fly on y-axis in 701 ms (min =1000) 
[INFO|9:17:59]: MineCraftGirl515 tried to avoid fall damage (fall distance = 0 9 times in a row, max=9) 
[INFO|8:39:58]: ninjiegore tried to avoid fall damage (fall distance = 0 9 times in a row, max=9) 
[INFO|8:40:01]: ninjiegore tried to avoid fall damage (fall distance = 0 9 times in a row, max=9) 
[INFO|8:40:06]: ninjiegore tried to avoid fall damage (fall distance = 0 9 times in a row, max=9) 
[INFO|8:40:17]: ninjiegore tried to avoid fall damage (fall distance = 0 9 times in a row, max=9) 
[INFO|8:41:02]: ninjiegore tried to avoid fall damage (fall distance = 0 9 times in a row, max=9) 
[INFO|8:41:08]: ninjiegore tried to avoid fall damage (fall distance = 0 9 times in a row, max=9) 
[INFO|8:41:10]: ninjiegore tried to avoid fall damage (fall distance = 0 9 times in a row, max=9) 
[INFO|8:41:12]: ninjiegore tried to avoid fall damage (fall distance = 0 9 times in a row, max=9) 
[INFO|8:41:15]: ninjiegore tried to avoid fall damage (fall distance = 0 9 times in a row, max=9) 
[INFO|8:47:45]: ninjiegore tried to avoid fall damage (fall distance = 0 9 times in a row, max=9) 
[INFO|8:52:45]: MineCraftGirl51 didn't animate before damaging a ZOMBIE 
[INFO|8:52:46]: MineCraftGirl51 didn't animate before damaging a ZOMBIE 
[INFO|8:52:47]: MineCraftGirl51 didn't animate before damaging a ZOMBIE 
[INFO|8:52:48]: MineCraftGirl51 didn't animate before damaging a ZOMBIE 
[INFO|8:52:49]: MineCraftGirl51 didn't animate before damaging a ZOMBIE 
[INFO|8:52:50]: MineCraftGirl51 didn't animate before damaging a ZOMBIE 
[INFO|8:52:51]: MineCraftGirl51 didn't animate before damaging a ZOMBIE 
[INFO|8:52:52]: MineCraftGirl51 didn't animate before damaging a ZOMBIE 
[INFO|8:52:53]: MineCraftGirl51 didn't animate before damaging a ZOMBIE 
[INFO|8:52:54]: MineCraftGirl51 didn't animate before damaging a ZOMBIE 
[INFO|8:52:55]: MineCraftGirl51 didn't animate before damaging a ZOMBIE 
[INFO|8:52:56]: MineCraftGirl51 didn't animate before damaging a ZOMBIE 
[INFO|8:52:57]: MineCraftGirl51 didn't animate before damaging a ZOMBIE 
[INFO|8:52:58]: MineCraftGirl51 didn't animate before damaging a ZOMBIE 
[INFO|8:52:59]: MineCraftGirl51 didn't animate before damaging a ZOMBIE 
[INFO|8:53:00]: MineCraftGirl51 didn't animate before damaging a ZOMBIE 
[INFO|8:53:01]: MineCraftGirl51 didn't animate before damaging a ZOMBIE 
[INFO|8:53:02]: MineCraftGirl51 didn't animate before damaging a ZOMBIE 
[INFO|8:53:03]: MineCraftGirl51 didn't animate before damaging a ZOMBIE 
[INFO|8:53:04]: MineCraftGirl51 didn't animate before damaging a ZOMBIE 
[INFO|8:53:06]: MineCraftGirl51 didn't animate before damaging a ZOMBIE 
[INFO|8:53:07]: MineCraftGirl51 didn't animate before damaging a ZOMBIE 
[INFO|8:53:08]: MineCraftGirl51 didn't animate before damaging a ZOMBIE 
[INFO|8:53:09]: MineCraftGirl51 didn't animate before damaging a ZOMBIE 
[INFO|8:53:31]: MineCraftGirl51 didn't animate before damaging a ZOMBIE 
[INFO|8:53:32]: MineCraftGirl51 didn't animate before damaging a ZOMBIE 
[INFO|8:53:33]: MineCraftGirl51 didn't animate before damaging a ZOMBIE 
[INFO|8:53:34]: MineCraftGirl51 didn't animate before damaging a ZOMBIE 
[INFO|8:53:35]: MineCraftGirl51 didn't animate before damaging a ZOMBIE 
[INFO|8:53:36]: MineCraftGirl51 didn't animate before damaging a ZOMBIE 
[INFO|8:53:37]: MineCraftGirl51 didn't animate before damaging a ZOMBIE 
[INFO|8:53:38]: MineCraftGirl51 didn't animate before damaging a ZOMBIE 
[INFO|8:53:39]: MineCraftGirl51 didn't animate before damaging a ZOMBIE 
[INFO|8:53:40]: MineCraftGirl51 didn't animate before damaging a ZOMBIE 
[INFO|8:53:41]: MineCraftGirl51 didn't animate before damaging a ZOMBIE 
[INFO|8:53:42]: MineCraftGirl51 didn't animate before damaging a ZOMBIE 
[INFO|8:53:43]: MineCraftGirl51 didn't animate before damaging a ZOMBIE 
[INFO|8:53:44]: MineCraftGirl51 didn't animate before damaging a ZOMBIE 
[INFO|8:53:45]: MineCraftGirl51 didn't animate before damaging a ZOMBIE 
[INFO|8:53:46]: MineCraftGirl51 didn't animate before damaging a ZOMBIE 
[INFO|8:53:47]: MineCraftGirl51 didn't animate before damaging a ZOMBIE 
[INFO|8:53:48]: MineCraftGirl51 didn't animate before damaging a ZOMBIE 
[INFO|8:54:02]: MineCraftGirl51 didn't animate before damaging a ZOMBIE 
[INFO|8:54:03]: MineCraftGirl51 didn't animate before damaging a ZOMBIE 
[INFO|8:54:04]: MineCraftGirl51 didn't animate before damaging a ZOMBIE 
[INFO|8:54:05]: MineCraftGirl51 didn't animate before damaging a ZOMBIE 
[INFO|8:54:06]: MineCraftGirl51 didn't animate before damaging a ZOMBIE 
[INFO|8:54:07]: MineCraftGirl51 didn't animate before damaging a ZOMBIE 
[INFO|8:54:08]: MineCraftGirl51 didn't animate before damaging a ZOMBIE 
[INFO|8:54:09]: MineCraftGirl51 didn't animate before damaging a ZOMBIE 
[INFO|8:54:10]: MineCraftGirl51 didn't animate before damaging a SPIDER 
[INFO|8:54:14]: MineCraftGirl51 didn't animate before damaging a WITCH 
[INFO|8:54:15]: MineCraftGirl51 didn't animate before damaging a WITCH 
[INFO|8:54:16]: MineCraftGirl51 didn't animate before damaging a WITCH 
[INFO|8:54:17]: MineCraftGirl51 didn't animate before damaging a WITCH 
[INFO|8:54:18]: MineCraftGirl51 didn't animate before damaging a WITCH 
[INFO|8:54:19]: MineCraftGirl51 didn't animate before damaging a WITCH 
[INFO|8:54:20]: MineCraftGirl51 didn't animate before damaging a WITCH 
[INFO|8:54:21]: MineCraftGirl51 didn't animate before damaging a WITCH 
[INFO|8:54:22]: MineCraftGirl51 didn't animate before damaging a WITCH 
[INFO|8:54:23]: MineCraftGirl51 didn't animate before damaging a WITCH 
[INFO|8:54:24]: MineCraftGirl51 didn't animate before damaging a WITCH 
[INFO|8:54:42]: MineCraftGirl515 stood on water 4 times (can't stand on STATIONARY_WATER or STATIONARY_WATER) 
[INFO|9:28:32]: MineCraftGirl515 tried to avoid fall damage (fall distance = 0 9 times in a row, max=9) 
[INFO|9:28:43]: MineCraftGirl515 tried to avoid fall damage (fall distance = 0 9 times in a row, max=9) 
[INFO|9:29:13]: MineCraftGirl515 tried to avoid fall damage (fall distance = 0 9 times in a row, max=9) 
[INFO|9:31:16]: ninjiegore tried to avoid fall damage (fall distance = 0 9 times in a row, max=9) 
[INFO|9:31:20]: ninjiegore tried to avoid fall damage (fall distance = 0 9 times in a row, max=9) 
[INFO|9:31:31]: MineCraftGirl515 tried to avoid fall damage (fall distance = 0 9 times in a row, max=9) 
[INFO|9:31:37]: ninjiegore tried to avoid fall damage (fall distance = 0 9 times in a row, max=9) 
[INFO|9:31:59]: ninjiegore tried to avoid fall damage (fall distance = 0 9 times in a row, max=9) 
[INFO|9:33:22]: MineCraftGirl515 tried to avoid fall damage (fall distance = 0 9 times in a row, max=9) 
[INFO|9:33:33]: MineCraftGirl515 tried to avoid fall damage (fall distance = 0 9 times in a row, max=9) 
[INFO|9:33:52]: MineCraftGirl515 tried to avoid fall damage (fall distance = 0 9 times in a row, max=9) 
[INFO|9:36:56]: MineCraftGirl515 tried to avoid fall damage (fall distance = 0 9 times in a row, max=9) 
[INFO|9:39:30]: MineCraftGirl515 tried to avoid fall damage (fall distance = 0 9 times in a row, max=9) 
[INFO|9:40:52]: ninjiegore ascended 8 times in a row (max = 8) 
[INFO|9:43:45]: MineCraftGirl515 tried to avoid fall damage (fall distance = 0 9 times in a row, max=9) 
[INFO|9:44:56]: ninjiegore tried to avoid fall damage (fall distance = 0 9 times in a row, max=9) 
[INFO|9:45:26]: ninjiegore tried to avoid fall damage (fall distance = 0 9 times in a row, max=9) 
[INFO|9:46:15]: MineCraftGirl515 tried to avoid fall damage (fall distance = 0 9 times in a row, max=9) 
[INFO|9:46:17]: MineCraftGirl515 tried to avoid fall damage (fall distance = 0 9 times in a row, max=9) 
[INFO|9:46:29]: MineCraftGirl515 tried to avoid fall damage (fall distance = 0 9 times in a row, max=9) 
[INFO|9:46:34]: MineCraftGirl515 tried to avoid fall damage (fall distance = 0 9 times in a row, max=9) 
[INFO|9:46:43]: MineCraftGirl515 tried to avoid fall damage (fall distance = 0 9 times in a row, max=9) 
[INFO|9:47:08]: MineCraftGirl515 tried to avoid fall damage (fall distance = 0 9 times in a row, max=9) 
[INFO|9:47:12]: ninjiegore tried to fly on y-axis in 458 ms (min =1000) 
[INFO|9:47:13]: ninjiegore tried to fly on y-axis in 864 ms (min =1000) 
[INFO|9:47:13]: ninjiegore tried to fly on y-axis 3 times (max =1) 
[INFO|9:47:14]: ninjiegore tried to fly on y-axis 4 times (max =1) 
[INFO|9:47:15]: ninjiegore tried to fly on y-axis 5 times (max =1) 
[INFO|9:47:16]: ninjiegore tried to fly on y-axis 6 times (max =1) 
[INFO|9:47:18]: ninjiegore tried to fly on y-axis 7 times (max =1) 
[INFO|9:47:18]: ninjiegore tried to fly on y-axis 8 times (max =1) 
[INFO|9:47:23]: ninjiegore tried to fly on y-axis 9 times (max =1) 
[INFO|9:47:37]: ninjiegore tried to avoid fall damage (fall distance = 0 9 times in a row, max=9) 
[INFO|9:48:47]: MineCraftGirl515 tried to avoid fall damage (fall distance = 0 9 times in a row, max=9) 
[INFO|9:49:21]: ninjiegore tried to avoid fall damage (fall distance = 0 9 times in a row, max=9) 
[INFO|9:49:37]: ninjiegore tried to avoid fall damage (fall distance = 0 9 times in a row, max=9) 
[INFO|9:57:27]: ninjiegore ascended 8 times in a row (max = 8) 
[INFO|10:00:57]: ninjiegore tried to avoid fall damage (fall distance = 0 9 times in a row, max=9) 
[INFO|10:02:06]: MineCraftGirl515 tried to avoid fall damage (fall distance = 0 9 times in a row, max=9) 
[INFO|10:02:17]: MineCraftGirl515 tried to avoid fall damage (fall distance = 0 9 times in a row, max=9) 
[INFO|10:03:03]: MineCraftGirl515 tried to avoid fall damage (fall distance = 0 9 times in a row, max=9) 
[INFO|10:03:27]: MineCraftGirl515 tried to avoid fall damage (fall distance = 0 9 times in a row, max=9) 
[INFO|10:07:17]: MineCraftGirl515 tried to avoid fall damage (fall distance = 0 9 times in a row, max=9) 
[INFO|10:10:05]: MineCraftGirl515 tried to avoid fall damage (fall distance = 0 9 times in a row, max=9) 
[INFO|10:11:18]: MineCraftGirl515 tried to avoid fall damage (fall distance = 0 9 times in a row, max=9) 
[INFO|11:06:11]: MineCraftGirl515 tried to avoid fall damage (fall distance = 0 9 times in a row, max=9) 
[INFO|11:07:04]: MineCraftGirl515 tried to avoid fall damage (fall distance = 0 9 times in a row, max=9) 
[INFO|11:07:44]: MineCraftGirl515 tried to avoid fall damage (fall distance = 0 9 times in a row, max=9) 
[INFO|11:08:01]: MineCraftGirl515 tried to avoid fall damage (fall distance = 0 9 times in a row, max=9) 
[INFO|11:08:24]: MineCraftGirl515 tried to avoid fall damage (fall distance = 0 9 times in a row, max=9) 
[INFO|11:09:26]: MineCraftGirl515 tried to avoid fall damage (fall distance = 0 9 times in a row, max=9) 
[INFO|11:09:46]: MineCraftGirl515 tried to avoid fall damage (fall distance = 0 9 times in a row, max=9) 
[INFO|11:44:51]: uenvy tried to avoid fall damage (fall distance = 0 9 times in a row, max=9) 
[INFO|11:55:25]: alison848849547 tried to avoid fall damage (fall distance = 0 9 times in a row, max=9) 
[INFO|11:57:39]: alison848849547 tried to avoid fall damage (fall distance = 0 9 times in a row, max=9) 
[INFO|12:01:42]: uenvy tried to avoid fall damage (fall distance = 0 9 times in a row, max=9) 
[INFO|12:02:26]: uenvy tried to avoid fall damage (fall distance = 0 9 times in a row, max=9) 
[INFO|12:02:47]: alison848849547 tried to avoid fall damage (fall distance = 0 9 times in a row, max=9) 
[INFO|12:02:59]: uenvy tried to avoid fall damage (fall distance = 0 9 times in a row, max=9) 
[INFO|12:03:03]: uenvy tried to avoid fall damage (fall distance = 0 9 times in a row, max=9) 
[INFO|12:04:08]: uenvy tried to avoid fall damage (fall distance = 0 9 times in a row, max=9) 
[INFO|12:04:54]: MineCraftGirl515 was kicked for hacking. (Command spam) 
[INFO|12:05:03]: alison848849547 tried to avoid fall damage (fall distance = 0 9 times in a row, max=9) 
[INFO|12:05:12]: alison848849547 tried to avoid fall damage (fall distance = 0 9 times in a row, max=9) 
[INFO|12:05:52]: alison848849547 tried to avoid fall damage (fall distance = 0 9 times in a row, max=9) 
[INFO|12:05:55]: alison848849547 tried to avoid fall damage (fall distance = 0 9 times in a row, max=9) 
[INFO|12:06:25]: alison848849547 switched tools too fast (had AIR, has LOG) 
[INFO|12:06:28]: uenvy switched tools too fast (had GLOWSTONE, has STONE_AXE) 
[INFO|12:07:19]: uenvy tried to avoid fall damage (fall distance = 0 9 times in a row, max=9) 
[INFO|12:09:48]: uenvy tried to avoid fall damage (fall distance = 0 9 times in a row, max=9) 
[INFO|12:10:13]: uenvy tried to avoid fall damage (fall distance = 0 9 times in a row, max=9) 
[INFO|12:10:23]: uenvy tried to avoid fall damage (fall distance = 0 9 times in a row, max=9) 
[INFO|12:11:18]: uenvy tried to avoid fall damage (fall distance = 0 9 times in a row, max=9) 
[INFO|12:12:49]: alison848849547 tried to avoid fall damage (fall distance = 0 9 times in a row, max=9) 
[INFO|12:13:24]: uenvy switched tools too fast (had STONE_AXE, has AIR) 
[INFO|12:13:25]: uenvy switched tools too fast (had AIR, has STONE_AXE) 
[INFO|12:21:42]: uenvy tried to avoid fall damage (fall distance = 0 9 times in a row, max=9) 
[INFO|12:21:43]: alison848849547 tried to avoid fall damage (fall distance = 0 9 times in a row, max=9) 
[INFO|12:22:28]: alison848849547 tried to break 2 blocks in 898 ms (max=2 in 950 ms) 
[INFO|12:23:53]: uenvy tried to avoid fall damage (fall distance = 0 9 times in a row, max=9) 
[INFO|12:24:17]: uenvy tried to avoid fall damage (fall distance = 0 9 times in a row, max=9) 
[INFO|12:24:20]: alison848849547 tried to avoid fall damage (fall distance = 0 9 times in a row, max=9) 
[INFO|12:24:36]: alison848849547 tried to avoid fall damage (fall distance = 0 9 times in a row, max=9) 
[INFO|12:24:47]: alison848849547 tried to avoid fall damage (fall distance = 0 9 times in a row, max=9) 
[INFO|12:30:49]: alison848849547 tried to avoid fall damage (fall distance = 0 9 times in a row, max=9) 
[INFO|12:30:50]: alison848849547 tried to avoid fall damage (fall distance = 0 9 times in a row, max=9) 
[INFO|12:31:23]: alison848849547 tried to avoid fall damage (fall distance = 0 9 times in a row, max=9) 
[INFO|12:31:25]: alison848849547 tried to avoid fall damage (fall distance = 0 9 times in a row, max=9) 
[INFO|12:32:11]: uenvy tried to avoid fall damage (fall distance = 0 9 times in a row, max=9) 
[INFO|12:32:31]: alison848849547 tried to place a block 1 ms after the last one (min=50 ms) 
[INFO|12:32:36]: uenvy tried to avoid fall damage (fall distance = 0 9 times in a row, max=9) 
[INFO|12:35:34]: alison848849547 tried to avoid fall damage (fall distance = 0 9 times in a row, max=9) 
[INFO|12:36:58]: uenvy tried to avoid fall damage (fall distance = 0 9 times in a row, max=9) 
[INFO|12:37:04]: uenvy tried to avoid fall damage (fall distance = 0 9 times in a row, max=9) 
[INFO|12:37:08]: alison848849547 tried to avoid fall damage (fall distance = 0 9 times in a row, max=9) 
[INFO|12:43:33]: alison848849547 tried to avoid fall damage (fall distance = 0 9 times in a row, max=9) 
[INFO|12:47:20]: alison848849547 tried to avoid fall damage (fall distance = 0 9 times in a row, max=9) 
[INFO|12:47:23]: alison848849547 tried to avoid fall damage (fall distance = 0 9 times in a row, max=9) 
[INFO|12:51:04]: alison848849547 tried to avoid fall damage (fall distance = 0 9 times in a row, max=9) 
[INFO|12:51:05]: alison848849547 tried to avoid fall damage (fall distance = 0 9 times in a row, max=9) 
[INFO|12:51:51]: uenvy tried to avoid fall damage (fall distance = 0 9 times in a row, max=9) 
[INFO|12:52:32]: uenvy tried to avoid fall damage (fall distance = 0 9 times in a row, max=9) 
[INFO|12:55:22]: black_fanta14 ascended 8 times in a row (max = 8) 
[INFO|12:55:51]: black_fanta14 tried to avoid fall damage (fall distance = 0 9 times in a row, max=9) 
[INFO|1:04:30]: black_fanta14 tried to avoid fall damage (fall distance = 0 9 times in a row, max=9) 
[INFO|1:04:33]: black_fanta14 tried to avoid fall damage (fall distance = 0 9 times in a row, max=9) 
[INFO|1:05:23]: alison848849547 tried to break 2 blocks in 220 ms (max=2 in 275 ms) 
[INFO|1:05:24]: alison848849547 tried to break a block of DIRT after only 1 punches (min=5) 
[INFO|1:05:27]: alison848849547 tried to break 2 blocks in 137 ms (max=2 in 275 ms) 
[INFO|1:06:27]: uenvy tried to avoid fall damage (fall distance = 0 9 times in a row, max=9) 
[INFO|1:06:46]: uenvy tried to avoid fall damage (fall distance = 0 9 times in a row, max=9) 
[INFO|1:08:21]: uenvy tried to avoid fall damage (fall distance = 0 9 times in a row, max=9) 
[INFO|1:08:28]: uenvy tried to avoid fall damage (fall distance = 0 9 times in a row, max=9) 
[INFO|1:09:41]: uenvy tried to avoid fall damage (fall distance = 0 9 times in a row, max=9) 
[INFO|1:10:22]: alison848849547 tried to place a block 3 ms after the last one (min=50 ms) 
[INFO|1:10:39]: alison848849547 tried to place a block 2 ms after the last one (min=50 ms) 
[INFO|1:10:41]: uenvy tried to avoid fall damage (fall distance = 0 9 times in a row, max=9) 
[INFO|1:10:48]: alison848849547 placed blocks too fast 0 times in a row (max=2) 
[INFO|1:10:49]: alison848849547 placed blocks too fast 0 times in a row (max=2) 
[INFO|1:12:01]: black_fanta14 tried to avoid fall damage (fall distance = 0 9 times in a row, max=9) 
[INFO|1:12:02]: black_fanta14 stood on water 4 times (can't stand on STATIONARY_WATER or STATIONARY_WATER) 
[INFO|1:12:07]: black_fanta14 tried to avoid fall damage (fall distance = 0 9 times in a row, max=9) 
[INFO|1:13:35]: uenvy tried to avoid fall damage (fall distance = 0 9 times in a row, max=9) 
[INFO|1:14:10]: alison848849547 tried to avoid fall damage (fall distance = 0 9 times in a row, max=9) 
[INFO|1:16:07]: black_fanta14 tried to avoid fall damage (fall distance = 0 9 times in a row, max=9) 
[INFO|1:18:06]: black_fanta14's y speed was too high (speed=0.5453688139185289, max=0.5) 
[INFO|1:19:07]: black_fanta14 stood on water 1 times (can't stand on AIR or STATIONARY_WATER) 
[INFO|1:19:08]: black_fanta14 stood on water 2 times (can't stand on AIR or STATIONARY_WATER) 
[INFO|1:19:09]: black_fanta14 stood on water 3 times (can't stand on AIR or STATIONARY_WATER) 
[INFO|1:19:09]: black_fanta14 stood on water 4 times (can't stand on AIR or STATIONARY_WATER) 
[INFO|1:19:10]: black_fanta14 stood on water 5 times (can't stand on AIR or STATIONARY_WATER) 
[INFO|1:22:29]: black_fanta14 tried to avoid fall damage (fall distance = 0 9 times in a row, max=9) 
[INFO|1:24:35]: uenvy didn't animate before damaging a PLAYER 
[INFO|1:24:38]: uenvy didn't animate before damaging a PLAYER 
[INFO|1:24:46]: uenvy switched tools too fast (had AIR, has DIAMOND_SWORD) 
[INFO|1:24:46]: uenvy didn't animate before damaging a PLAYER 
[INFO|1:31:00]: uenvy switched tools too fast (had AIR, has SEEDS) 
[INFO|1:36:11]: black_fanta14 was kicked for hacking. (Command spam) 
[INFO|1:37:53]: alison848849547's y speed was too high (speed=2.0, max=0.5) 
[INFO|1:37:53]: alison848849547's y speed was too high (speed=2.0, max=0.5) 
[INFO|1:38:01]: uenvy tried to place a block 3 ms after the last one (min=50 ms) 
[INFO|1:38:03]: uenvy tried to place a block 3 ms after the last one (min=50 ms) 
[INFO|1:38:06]: uenvy tried to place a block 30 ms after the last one (min=50 ms) 
[INFO|1:38:06]: uenvy placed blocks too fast 0 times in a row (max=2) 
[INFO|1:40:52]: alison848849547 tried to fly on y-axis in 710 ms (min =1000) 
[INFO|1:43:43]: alison848849547's y speed was too high (speed=2.0, max=0.5) 
[INFO|1:43:52]: alison848849547's y speed was too high (speed=2.0, max=0.5) 
[INFO|1:43:54]: alison848849547's y speed was too high (speed=2.0, max=0.5) 
[INFO|1:44:28]: uenvy tried to break 2 blocks in 872 ms (max=2 in 900 ms) 
[INFO|1:44:53]: uenvy switched tools too fast (had AIR, has SAND) 
[INFO|1:44:53]: uenvy switched tools too fast (had SAND, has DIRT) 
[INFO|1:44:53]: uenvy switched tools too fast (had DIRT, has AIR) 
[INFO|1:45:56]: alison848849547 healed too quickly (time=346 ms, min=2000 ms) 
[INFO|1:46:00]: uenvy tried to break 2 blocks in 436 ms (max=2 in 525 ms) 
[INFO|1:46:09]: alison848849547 tried to break a block of LEAVES_2 after only 3 punches (min=5) 
[INFO|1:47:29]: black_fanta14 tried to avoid fall damage (fall distance = 0 9 times in a row, max=9) 
[INFO|1:47:52]: alison848849547 tried to place a block 2 ms after the last one (min=50 ms) 
[INFO|1:48:17]: alison848849547 tried to place a block 3 ms after the last one (min=50 ms) 
[INFO|1:48:25]: uenvy stood on water 1 times (can't stand on AIR or STATIONARY_WATER) 
[INFO|1:48:26]: black_fanta14 tried to avoid fall damage (fall distance = 0 9 times in a row, max=9) 
[INFO|1:48:57]: uenvy tried to place a block 3 ms after the last one (min=50 ms) 
[INFO|1:49:00]: black_fanta14 tried to avoid fall damage (fall distance = 0 9 times in a row, max=9) 
[INFO|1:49:34]: uenvy tried to avoid fall damage (fall distance = 0 9 times in a row, max=9) 
[INFO|1:49:45]: uenvy tried to avoid fall damage (fall distance = 0 9 times in a row, max=9) 
[INFO|1:49:48]: uenvy tried to avoid fall damage (fall distance = 0 9 times in a row, max=9) 
[INFO|1:49:50]: uenvy tried to avoid fall damage (fall distance = 0 9 times in a row, max=9) 
[INFO|1:49:53]: uenvy tried to avoid fall damage (fall distance = 0 9 times in a row, max=9) 
[INFO|1:49:58]: uenvy tried to avoid fall damage (fall distance = 0 9 times in a row, max=9) 
[INFO|1:50:00]: uenvy tried to avoid fall damage (fall distance = 0 9 times in a row, max=9) 
[INFO|1:50:14]: uenvy tried to avoid fall damage (fall distance = 0 9 times in a row, max=9) 
[INFO|1:50:28]: uenvy tried to avoid fall damage (fall distance = 0 9 times in a row, max=9) 
[INFO|1:50:32]: uenvy tried to avoid fall damage (fall distance = 0 9 times in a row, max=9) 
[INFO|1:50:34]: uenvy tried to avoid fall damage (fall distance = 0 9 times in a row, max=9) 
[INFO|1:50:36]: uenvy tried to avoid fall damage (fall distance = 0 9 times in a row, max=9) 
[INFO|1:50:37]: black_fanta14 tried to avoid fall damage (fall distance = 0 9 times in a row, max=9) 
[INFO|1:50:38]: uenvy tried to avoid fall damage (fall distance = 0 9 times in a row, max=9) 
[INFO|1:50:38]: black_fanta14 tried to avoid fall damage (fall distance = 0 9 times in a row, max=9) 
[INFO|1:50:40]: black_fanta14 tried to avoid fall damage (fall distance = 0 9 times in a row, max=9) 
[INFO|1:50:41]: uenvy tried to avoid fall damage (fall distance = 0 9 times in a row, max=9) 
[INFO|1:50:46]: black_fanta14 tried to avoid fall damage (fall distance = 0 9 times in a row, max=9) 
[INFO|1:50:49]: black_fanta14 tried to avoid fall damage (fall distance = 0 9 times in a row, max=9) 
[INFO|1:51:28]: uenvy tried to avoid fall damage (fall distance = 0 9 times in a row, max=9) 
[INFO|1:51:41]: uenvy tried to avoid fall damage (fall distance = 0 9 times in a row, max=9) 
[INFO|1:52:15]: uenvy tried to avoid fall damage (fall distance = 0 9 times in a row, max=9) 
[INFO|1:53:10]: uenvy tried to avoid fall damage (fall distance = 0 9 times in a row, max=9) 
[INFO|1:53:15]: uenvy tried to avoid fall damage (fall distance = 0 9 times in a row, max=9) 
[INFO|1:53:41]: uenvy spam-repeated "tp me" 
[INFO|1:53:49]: uenvy has just entered the Medium hack group. 
[INFO|1:53:49]: uenvy's last failed check was: Nofall. 
[INFO|1:53:49]: Type '/anticheat report uenvy' for more information. 
[INFO|1:53:49]: uenvy tried to avoid fall damage (fall distance = 0 9 times in a row, max=9) 
[INFO|1:54:26]: black_fanta14 tried to avoid fall damage (fall distance = 0 9 times in a row, max=9) 
[INFO|1:54:45]: black_fanta14 stood on water 1 times (can't stand on AIR or STATIONARY_WATER) 
[INFO|1:54:46]: black_fanta14 stood on water 2 times (can't stand on AIR or STATIONARY_WATER) 
[INFO|1:54:47]: black_fanta14 stood on water 3 times (can't stand on AIR or STATIONARY_WATER) 
[INFO|1:54:48]: black_fanta14 stood on water 4 times (can't stand on AIR or STATIONARY_WATER) 
[INFO|1:57:40]: black_fanta14 tried to avoid fall damage (fall distance = 0 9 times in a row, max=9) 
[INFO|1:58:54]: black_fanta14 tried to avoid fall damage (fall distance = 0 9 times in a row, max=9) 
[INFO|1:59:20]: uenvy tried to break 2 blocks in 473 ms (max=2 in 525 ms) 
[INFO|2:00:05]: black_fanta14 tried to avoid fall damage (fall distance = 0 9 times in a row, max=9) 
[INFO|2:00:05]: uenvy tried to avoid fall damage (fall distance = 0 9 times in a row, max=9) 
[INFO|2:00:37]: black_fanta14 didn't animate before damaging a ZOMBIE 
[INFO|2:03:11]: uenvy tried to place a block 2 ms after the last one (min=50 ms) 
[INFO|2:04:37]: uenvy switched tools too fast (had AIR, has SKULL_ITEM) 
[INFO|2:05:18]: alison848849547 tried to avoid fall damage (fall distance = 0 9 times in a row, max=9) 
[INFO|2:05:24]: uenvy tried to place a block 2 ms after the last one (min=50 ms) 
[INFO|2:05:25]: uenvy placed blocks too fast 0 times in a row (max=2) 
[INFO|2:05:26]: uenvy placed blocks too fast 0 times in a row (max=2) 
[INFO|2:05:26]: uenvy placed blocks too fast 0 times in a row (max=2) 
[INFO|2:05:35]: uenvy placed blocks too fast 0 times in a row (max=2) 
[INFO|2:06:01]: uenvy has just entered the Medium hack group. 
[INFO|2:06:01]: uenvy's last failed check was: Nofall. 
[INFO|2:06:01]: Type '/anticheat report uenvy' for more information. 
[INFO|2:06:01]: uenvy tried to avoid fall damage (fall distance = 0 9 times in a row, max=9) 
[INFO|2:08:02]: uenvy switched tools too fast (had IRON_PICKAXE, has DIAMOND_SWORD) 
[INFO|2:08:02]: uenvy has just entered the Medium hack group. 
[INFO|2:08:02]: uenvy's last failed check was: Autotool. 
[INFO|2:08:02]: Type '/anticheat report uenvy' for more information. 
[INFO|2:08:02]: uenvy switched tools too fast (had DIAMOND_SWORD, has AIR) 
[INFO|2:08:02]: uenvy switched tools too fast (had AIR, has DIAMOND_SWORD) 
[INFO|2:08:20]: uenvy tried to avoid fall damage (fall distance = 0 9 times in a row, max=9) 
[INFO|2:09:04]: uenvy switched tools too fast (had IRON_PICKAXE, has WOOD) 
[INFO|2:09:19]: uenvy tried to place a block 2 ms after the last one (min=50 ms) 
[INFO|2:11:52]: uenvy has just entered the Medium hack group. 
[INFO|2:11:52]: uenvy's last failed check was: Nofall. 
[INFO|2:11:52]: Type '/anticheat report uenvy' for more information. 
[INFO|2:11:52]: uenvy tried to avoid fall damage (fall distance = 0 9 times in a row, max=9) 
[INFO|2:12:12]: uenvy tried to avoid fall damage (fall distance = 0 9 times in a row, max=9) 
[INFO|2:12:23]: uenvy tried to break 2 blocks in 824 ms (max=2 in 950 ms) 
[INFO|2:13:03]: black_fanta14 tried to avoid fall damage (fall distance = 0 9 times in a row, max=9) 
[INFO|2:15:03]: uenvy has just entered the Medium hack group. 
[INFO|2:15:03]: uenvy's last failed check was: Nofall. 
[INFO|2:15:03]: Type '/anticheat report uenvy' for more information. 
[INFO|2:15:03]: uenvy tried to avoid fall damage (fall distance = 0 9 times in a row, max=9) 
[INFO|2:16:00]: uenvy has just entered the Medium hack group. 
[INFO|2:16:00]: uenvy's last failed check was: Fast break. 
[INFO|2:16:00]: Type '/anticheat report uenvy' for more information. 
[INFO|2:16:00]: uenvy tried to break 2 blocks in 677 ms (max=2 in 950 ms) 
[INFO|2:16:20]: black_fanta14 tried to avoid fall damage (fall distance = 0 9 times in a row, max=9) 
[INFO|2:16:38]: uenvy tried to place a block 1 ms after the last one (min=50 ms) 
[INFO|2:16:53]: alison848849547 tried to place a block 6 ms after the last one (min=50 ms) 
[INFO|2:16:54]: alison848849547 placed blocks too fast 0 times in a row (max=2) 
[INFO|2:19:16]: uenvy switched tools too fast (had DIAMOND_SWORD, has AIR) 
[INFO|2:20:44]: uenvy tried to place a block 2 ms after the last one (min=50 ms) 
[INFO|2:20:53]: uenvy tried to place a block 2 ms after the last one (min=50 ms) 
[INFO|2:21:41]: uenvy tried to place a block 3 ms after the last one (min=50 ms) 
[INFO|2:21:41]: uenvy placed blocks too fast 0 times in a row (max=2) 
[INFO|2:21:41]: uenvy placed blocks too fast 0 times in a row (max=2) 
[INFO|2:22:29]: uenvy tried to break 2 blocks in 748 ms (max=2 in 950 ms) 
[INFO|2:22:47]: uenvy tried to avoid fall damage (fall distance = 0 9 times in a row, max=9) 
[INFO|2:23:20]: alison848849547 tried to break 2 blocks in 817 ms (max=2 in 950 ms) 
[INFO|2:24:00]: uenvy tried to break 2 blocks in 663 ms (max=2 in 950 ms) 
[INFO|2:24:05]: uenvy didn't animate before damaging a ZOMBIE 
[INFO|2:24:29]: uenvy tried to avoid fall damage (fall distance = 0 9 times in a row, max=9) 
[INFO|2:27:57]: black_fanta14 tried to avoid fall damage (fall distance = 0 9 times in a row, max=9) 
[INFO|2:29:13]: black_fanta14 tried to avoid fall damage (fall distance = 0 9 times in a row, max=9) 
[INFO|2:30:35]: uenvy tried to break 2 blocks in 925 ms (max=2 in 950 ms) 
[INFO|2:31:02]: uenvy tried to break 2 blocks in 657 ms (max=2 in 950 ms) 
[INFO|2:31:29]: uenvy tried to break 2 blocks in 794 ms (max=2 in 950 ms) 
[INFO|2:32:32]: alison848849547 tried to place a block 3 ms after the last one (min=50 ms) 
[INFO|2:32:52]: alison848849547 tried to break 2 blocks in 823 ms (max=2 in 950 ms) 
[INFO|2:33:18]: uenvy tried to break 2 blocks in 270 ms (max=2 in 300 ms) 
[INFO|2:33:18]: uenvy tried to break a block of GRASS after only 4 punches (min=5) 
[INFO|2:33:26]: uenvy tried to break 2 blocks in 272 ms (max=2 in 300 ms) 
[INFO|2:33:26]: uenvy tried to break a block of GRASS after only 3 punches (min=5) 
[INFO|2:33:30]: uenvy tried to break a block of GRASS after only 4 punches (min=5) 
[INFO|2:33:31]: uenvy tried to break a block of GRASS after only 4 punches (min=5) 
[INFO|2:33:44]: uenvy tried to break 2 blocks in 188 ms (max=2 in 300 ms) 
[INFO|2:34:12]: uenvy tried to break 2 blocks in 83 ms (max=2 in 275 ms) 
[INFO|2:34:49]: uenvy tried to place a block 2 ms after the last one (min=50 ms) 
[INFO|2:35:04]: uenvy tried to break 2 blocks in 137 ms (max=2 in 275 ms) 
[INFO|2:35:12]: uenvy tried to break 2 blocks in 185 ms (max=2 in 275 ms) 
[INFO|2:35:31]: uenvy tried to place a block 2 ms after the last one (min=50 ms) 
[INFO|2:35:42]: alison848849547 tried to place a block 5 ms after the last one (min=50 ms) 
[INFO|2:35:44]: alison848849547 tried to place a block 3 ms after the last one (min=50 ms) 
[INFO|2:35:48]: alison848849547 placed blocks too fast 0 times in a row (max=2) 
[INFO|2:35:50]: alison848849547 placed blocks too fast 0 times in a row (max=2) 
[INFO|2:35:57]: ninjiegore tried to avoid fall damage (fall distance = 0 9 times in a row, max=9) 
[INFO|2:35:59]: alison848849547 placed blocks too fast 0 times in a row (max=2) 
[INFO|2:35:59]: alison848849547 placed blocks too fast 0 times in a row (max=2) 
[INFO|2:36:03]: ninjiegore tried to avoid fall damage (fall distance = 0 9 times in a row, max=9) 
[INFO|2:36:11]: ninjiegore tried to avoid fall damage (fall distance = 0 9 times in a row, max=9) 
[INFO|2:36:16]: ninjiegore tried to avoid fall damage (fall distance = 0 9 times in a row, max=9) 
[INFO|2:36:19]: alison848849547 tried to place a block 1 ms after the last one (min=50 ms) 
[INFO|2:36:29]: ninjiegore tried to avoid fall damage (fall distance = 0 9 times in a row, max=9) 
[INFO|2:36:34]: ninjiegore tried to avoid fall damage (fall distance = 0 9 times in a row, max=9) 
[INFO|2:36:36]: ninjiegore tried to avoid fall damage (fall distance = 0 9 times in a row, max=9) 
[INFO|2:36:39]: ninjiegore tried to avoid fall damage (fall distance = 0 9 times in a row, max=9) 
[INFO|2:36:48]: ninjiegore tried to avoid fall damage (fall distance = 0 9 times in a row, max=9) 
[INFO|2:37:13]: alison848849547 tried to place a block 1 ms after the last one (min=50 ms) 
[INFO|2:37:30]: alison848849547 tried to place a block 1 ms after the last one (min=50 ms) 
[INFO|2:37:34]: alison848849547 placed blocks too fast 0 times in a row (max=2) 
[INFO|2:37:35]: alison848849547 placed blocks too fast 0 times in a row (max=2) 
[INFO|2:37:37]: uenvy switched tools too fast (had AIR, has FURNACE) 
[INFO|2:37:37]: uenvy switched tools too fast (had FURNACE, has DIAMOND_SWORD) 
[INFO|2:37:38]: uenvy switched tools too fast (had DIAMOND_SWORD, has IRON_SPADE) 
[INFO|2:37:38]: uenvy switched tools too fast (had IRON_SPADE, has WOOD_DOOR) 
[INFO|2:39:01]: ninjiegore tried to avoid fall damage (fall distance = 0 9 times in a row, max=9) 
[INFO|2:39:53]: alison848849547 tried to fly on y-axis in 995 ms (min =1000) 
[INFO|2:42:59]: uenvy tried to place a block 18 ms after the last one (min=50 ms) 
[INFO|2:43:00]: uenvy placed blocks too fast 0 times in a row (max=2) 
[INFO|2:43:00]: uenvy placed blocks too fast 0 times in a row (max=2) 
[INFO|2:43:01]: uenvy placed blocks too fast 0 times in a row (max=2) 
[INFO|2:45:30]: uenvy tried to avoid fall damage (fall distance = 0 9 times in a row, max=9) 
[INFO|2:49:03]: alison848849547 tried to break 2 blocks in 758 ms (max=2 in 950 ms) 
[INFO|2:49:13]: alison848849547 tried to break 2 blocks in 867 ms (max=2 in 950 ms) 
[INFO|2:49:26]: alison848849547 tried to break a block of LOG_2 after only 3 punches (min=5) 
[INFO|2:49:27]: uenvy tried to break 2 blocks in 777 ms (max=2 in 900 ms) 
[INFO|2:50:07]: alison848849547 tried to break 2 blocks in 879 ms (max=2 in 950 ms) 
[INFO|2:50:12]: uenvy tried to place a block 2 ms after the last one (min=50 ms) 
[INFO|2:50:29]: black_fanta14 tried to avoid fall damage (fall distance = 0 9 times in a row, max=9) 
[INFO|2:50:55]: alison848849547 tried to break 2 blocks in 845 ms (max=2 in 950 ms) 
[INFO|2:51:02]: uenvy tried to avoid fall damage (fall distance = 0 9 times in a row, max=9) 
[INFO|2:51:14]: alison848849547 tried to break 2 blocks in 864 ms (max=2 in 950 ms) 
[INFO|2:51:41]: uenvy tried to break 2 blocks in 686 ms (max=2 in 750 ms) 
[INFO|2:51:51]: uenvy tried to break 2 blocks in 701 ms (max=2 in 750 ms) 
[INFO|2:52:11]: black_fanta14 tried to avoid fall damage (fall distance = 0 9 times in a row, max=9) 
[INFO|2:52:14]: alison848849547 tried to avoid fall damage (fall distance = 0 9 times in a row, max=9) 
[INFO|2:52:36]: black_fanta14 tried to avoid fall damage (fall distance = 0 9 times in a row, max=9) 
[INFO|2:52:43]: uenvy switched tools too fast (had IRON_AXE, has ARROW) 
[INFO|2:52:46]: alison848849547 tried to avoid fall damage (fall distance = 0 9 times in a row, max=9) 
[INFO|2:52:49]: uenvy tried to break 2 blocks in 633 ms (max=2 in 650 ms) 
[INFO|2:53:32]: uenvy tried to break 2 blocks in 740 ms (max=2 in 750 ms) 
[INFO|2:53:39]: black_fanta14 ate too quickly (time=967 ms, min=1000 ms) 
[INFO|2:54:05]: uenvy tried to place a block 17 ms after the last one (min=50 ms) 
[INFO|2:54:51]: uenvy tried to place a block 2 ms after the last one (min=50 ms) 
[INFO|2:54:57]: uenvy placed blocks too fast 0 times in a row (max=2) 
[INFO|2:55:00]: uenvy placed blocks too fast 0 times in a row (max=2) 
[INFO|2:55:03]: black_fanta14 fired their bow too fast (actual force=0.23000002, calculated force=0.63) 
[INFO|2:55:18]: black_fanta14 fired their bow too fast (actual force=0.23000002, calculated force=0.52000004) 
[INFO|2:55:32]: uenvy tried to break 2 blocks in 697 ms (max=2 in 750 ms) 
[INFO|2:56:01]: uenvy tried to avoid fall damage (fall distance = 0 9 times in a row, max=9) 
[INFO|2:56:08]: alison848849547 tried to place a block 2 ms after the last one (min=50 ms) 
[INFO|2:57:00]: black_fanta14 fired their bow too fast (actual force=0.5741666, calculated force=0.10750001) 
[INFO|2:57:11]: alison848849547 tried to place a block 3 ms after the last one (min=50 ms) 
[INFO|2:57:16]: alison848849547 tried to place a block 38 ms after the last one (min=50 ms) 
[INFO|2:57:18]: alison848849547 placed blocks too fast 0 times in a row (max=2) 
[INFO|2:57:56]: uenvy tried to place a block 5 ms after the last one (min=50 ms) 
[INFO|2:58:38]: uenvy tried to break 2 blocks in 735 ms (max=2 in 750 ms) 
[INFO|2:58:42]: uenvy broke blocks too fast 3 times in a row (max=2) 
[INFO|2:58:43]: uenvy broke blocks too fast 3 times in a row (max=2) 
[INFO|3:00:13]: alison848849547 tried to place a block 2 ms after the last one (min=50 ms) 
[INFO|3:00:20]: alison848849547 tried to place a block 1 ms after the last one (min=50 ms) 
[INFO|3:00:37]: alison848849547 tried to place a block 33 ms after the last one (min=50 ms) 
[INFO|3:00:39]: alison848849547 placed blocks too fast 0 times in a row (max=2) 
[INFO|3:01:01]: alison848849547 tried to place a block 1 ms after the last one (min=50 ms) 
[INFO|3:01:01]: alison848849547 tried to place a block 2 ms after the last one (min=50 ms) 
[INFO|3:01:01]: alison848849547 tried to place a block 7 ms after the last one (min=50 ms) 
[INFO|3:01:01]: alison848849547 placed blocks too fast 0 times in a row (max=2) 
[INFO|3:02:49]: black_fanta14 tried to avoid fall damage (fall distance = 0 9 times in a row, max=9) 
[INFO|3:02:57]: black_fanta14 tried to avoid fall damage (fall distance = 0 9 times in a row, max=9) 
[INFO|3:03:48]: uenvy tried to avoid fall damage (fall distance = 0 9 times in a row, max=9) 
[INFO|3:04:22]: uenvy tried to avoid fall damage (fall distance = 0 9 times in a row, max=9) 
[INFO|3:05:34]: alison848849547 tried to place a block 3 ms after the last one (min=50 ms) 
[INFO|3:05:34]: alison848849547 tried to place a block 2 ms after the last one (min=50 ms) 
[INFO|3:05:41]: alison848849547 tried to place a block 3 ms after the last one (min=50 ms) 
[INFO|3:05:41]: alison848849547 placed blocks too fast 0 times in a row (max=2) 
[INFO|3:05:44]: uenvy tried to avoid fall damage (fall distance = 0 9 times in a row, max=9) 
[INFO|3:05:57]: alison848849547 tried to place a block 2 ms after the last one (min=50 ms) 
[INFO|3:06:14]: alison848849547 tried to place a block 1 ms after the last one (min=50 ms) 
[INFO|3:06:34]: alison848849547 tried to avoid fall damage (fall distance = 0 9 times in a row, max=9) 
[INFO|3:07:42]: black_fanta14 tried to avoid fall damage (fall distance = 0 9 times in a row, max=9) 
[INFO|3:07:52]: alison848849547 tried to place a block 2 ms after the last one (min=50 ms) 
[INFO|3:07:53]: alison848849547 placed blocks too fast 0 times in a row (max=2) 
[INFO|3:07:55]: uenvy tried to break 2 blocks in 472 ms (max=2 in 525 ms) 
[INFO|3:07:58]: alison848849547 placed blocks too fast 0 times in a row (max=2) 
[INFO|3:07:58]: alison848849547 placed blocks too fast 0 times in a row (max=2) 
[INFO|3:08:06]: alison848849547 placed blocks too fast 0 times in a row (max=2) 
[INFO|3:08:07]: alison848849547 placed blocks too fast 0 times in a row (max=2) 
[INFO|3:12:18]: uenvy tried to avoid fall damage (fall distance = 0 9 times in a row, max=9) 
[INFO|3:12:43]: alison848849547 tried to avoid fall damage (fall distance = 0 9 times in a row, max=9) 
[INFO|3:12:46]: uenvy tried to place a block 1 ms after the last one (min=50 ms) 
[INFO|3:13:03]: uenvy tried to place a block 43 ms after the last one (min=50 ms) 
[INFO|3:13:03]: uenvy placed blocks too fast 0 times in a row (max=2) 
[INFO|3:13:04]: uenvy placed blocks too fast 0 times in a row (max=2) 
[INFO|3:13:12]: uenvy placed blocks too fast 0 times in a row (max=2) 
[INFO|3:13:22]: uenvy placed blocks too fast 0 times in a row (max=2) 
[INFO|3:14:19]: uenvy tried to avoid fall damage (fall distance = 0 9 times in a row, max=9) 
[INFO|3:14:50]: uenvy tried to avoid fall damage (fall distance = 0 9 times in a row, max=9) 
[INFO|3:15:24]: uenvy tried to place a block 2 ms after the last one (min=50 ms) 
[INFO|3:15:26]: uenvy tried to place a block 5 ms after the last one (min=50 ms) 
[INFO|3:15:48]: uenvy ascended 8 times in a row (max = 8) 
[INFO|3:17:34]: uenvy tried to break 2 blocks in 772 ms (max=2 in 900 ms) 
[INFO|3:20:39]: alison848849547 tried to break 2 blocks in 771 ms (max=2 in 950 ms) 
[INFO|3:21:03]: uenvy tried to avoid fall damage (fall distance = 0 9 times in a row, max=9) 
[INFO|3:21:56]: alison848849547 tried to break 2 blocks in 924 ms (max=2 in 950 ms) 
[INFO|3:22:14]: uenvy tried to avoid fall damage (fall distance = 0 9 times in a row, max=9) 
[INFO|3:22:32]: uenvy didn't animate before damaging a ZOMBIE 
[INFO|3:22:57]: uenvy tried to avoid fall damage (fall distance = 0 9 times in a row, max=9) 
[INFO|3:23:05]: uenvy tried to avoid fall damage (fall distance = 0 9 times in a row, max=9) 
[INFO|3:23:10]: uenvy tried to place a block 4 ms after the last one (min=50 ms) 
[INFO|3:23:12]: uenvy placed blocks too fast 0 times in a row (max=2) 
[INFO|3:23:12]: uenvy placed blocks too fast 0 times in a row (max=2) 
[INFO|3:27:17]: uenvy tried to avoid fall damage (fall distance = 0 9 times in a row, max=9) 
[INFO|3:27:19]: uenvy tried to avoid fall damage (fall distance = 0 9 times in a row, max=9) 
[INFO|3:27:27]: uenvy tried to place a block 4 ms after the last one (min=50 ms) 
[INFO|3:27:34]: uenvy tried to avoid fall damage (fall distance = 0 9 times in a row, max=9) 
[INFO|3:28:24]: uenvy didn't animate before damaging a ZOMBIE 
[INFO|3:28:57]: uenvy tried to avoid fall damage (fall distance = 0 9 times in a row, max=9) 
[INFO|3:30:17]: alison848849547 tried to avoid fall damage (fall distance = 0 9 times in a row, max=9) 
[INFO|3:30:56]: uenvy tried to avoid fall damage (fall distance = 0 9 times in a row, max=9) 
[INFO|3:31:15]: uenvy tried to avoid fall damage (fall distance = 0 9 times in a row, max=9) 
[INFO|3:31:49]: alison848849547 tried to break 2 blocks in 859 ms (max=2 in 900 ms) 
[INFO|3:31:50]: uenvy tried to place a block 14 ms after the last one (min=50 ms) 
[INFO|3:32:26]: alison848849547 tried to avoid fall damage (fall distance = 0 9 times in a row, max=9) 
[INFO|3:32:50]: alison848849547 tried to break 2 blocks in 504 ms (max=2 in 525 ms) 
[INFO|3:33:24]: alison848849547 tried to avoid fall damage (fall distance = 0 9 times in a row, max=9) 
[INFO|3:33:58]: uenvy tried to avoid fall damage (fall distance = 0 9 times in a row, max=9) 
[INFO|3:34:04]: alison848849547 tried to avoid fall damage (fall distance = 0 9 times in a row, max=9) 
[INFO|3:34:18]: uenvy tried to avoid fall damage (fall distance = 0 9 times in a row, max=9) 
[INFO|3:34:22]: uenvy tried to avoid fall damage (fall distance = 0 9 times in a row, max=9) 
[INFO|3:34:32]: uenvy tried to avoid fall damage (fall distance = 0 9 times in a row, max=9) 
[INFO|3:35:21]: uenvy tried to avoid fall damage (fall distance = 0 9 times in a row, max=9) 
[INFO|3:35:27]: uenvy tried to avoid fall damage (fall distance = 0 9 times in a row, max=9) 
[INFO|3:35:29]: uenvy tried to avoid fall damage (fall distance = 0 9 times in a row, max=9) 
[INFO|3:35:31]: alison848849547 tried to break 2 blocks in 393 ms (max=2 in 525 ms) 
[INFO|3:35:33]: uenvy tried to break 2 blocks in 575 ms (max=2 in 650 ms) 
[INFO|3:35:35]: alison848849547 tried to avoid fall damage (fall distance = 0 9 times in a row, max=9) 
[INFO|3:35:40]: alison848849547 tried to avoid fall damage (fall distance = 0 9 times in a row, max=9) 
[INFO|3:36:00]: uenvy tried to break 2 blocks in 558 ms (max=2 in 650 ms) 
[INFO|3:36:07]: uenvy tried to place a block 4 ms after the last one (min=50 ms) 
[INFO|3:36:08]: uenvy placed blocks too fast 0 times in a row (max=2) 
[INFO|3:36:08]: uenvy placed blocks too fast 0 times in a row (max=2) 
[INFO|3:36:09]: uenvy placed blocks too fast 0 times in a row (max=2) 
[INFO|3:37:01]: uenvy tried to avoid fall damage (fall distance = 0 9 times in a row, max=9) 
[INFO|3:37:24]: uenvy tried to avoid fall damage (fall distance = 0 9 times in a row, max=9) 
[INFO|3:37:29]: uenvy tried to avoid fall damage (fall distance = 0 9 times in a row, max=9) 
[INFO|3:42:33]: uenvy tried to place a block 1 ms after the last one (min=50 ms) 
[INFO|3:47:36]: alison848849547 tried to place a block 8 ms after the last one (min=50 ms) 
[INFO|3:48:13]: uenvy tried to break 2 blocks in 470 ms (max=2 in 525 ms) 
[INFO|3:48:37]: uenvy tried to avoid fall damage (fall distance = 0 9 times in a row, max=9) 
[INFO|3:48:40]: uenvy tried to break 2 blocks in 642 ms (max=2 in 650 ms) 
[INFO|3:48:54]: uenvy tried to avoid fall damage (fall distance = 0 9 times in a row, max=9) 
[INFO|3:50:10]: alison848849547 tried to break 2 blocks in 672 ms (max=2 in 950 ms) 
[INFO|3:50:14]: alison848849547 tried to place a block 2 ms after the last one (min=50 ms) 
[INFO|3:50:48]: uenvy tried to break a block of GRASS after only 3 punches (min=5) 
[INFO|3:50:48]: uenvy tried to break 2 blocks in 113 ms (max=2 in 300 ms) 
[INFO|3:51:04]: alison848849547 tried to place a block 7 ms after the last one (min=50 ms) 
[INFO|3:51:07]: uenvy tried to place a block 17 ms after the last one (min=50 ms) 
[INFO|3:51:07]: uenvy tried to place a block 4 ms after the last one (min=50 ms) 
[INFO|3:51:08]: uenvy placed blocks too fast 0 times in a row (max=2) 
[INFO|3:51:09]: uenvy placed blocks too fast 0 times in a row (max=2) 
[INFO|3:51:13]: alison848849547 placed blocks too fast 0 times in a row (max=2) 
[INFO|3:51:13]: alison848849547 placed blocks too fast 0 times in a row (max=2) 
[INFO|3:51:52]: alison848849547 tried to avoid fall damage (fall distance = 0 9 times in a row, max=9) 
[INFO|3:52:00]: uenvy tried to avoid fall damage (fall distance = 0 9 times in a row, max=9) 
[INFO|3:52:20]: uenvy tried to place a block 4 ms after the last one (min=50 ms) 
[INFO|3:53:40]: uenvy tried to break 2 blocks in 488 ms (max=2 in 650 ms) 
[INFO|3:54:09]: uenvy tried to break 2 blocks in 645 ms (max=2 in 650 ms) 
[INFO|3:54:20]: uenvy tried to break 2 blocks in 633 ms (max=2 in 650 ms) 
[INFO|3:54:33]: uenvy tried to avoid fall damage (fall distance = 0 9 times in a row, max=9) 
[INFO|3:54:50]: uenvy tried to avoid fall damage (fall distance = 0 9 times in a row, max=9) 
[INFO|3:55:37]: alison848849547 tried to break 2 blocks in 629 ms (max=2 in 950 ms) 
[INFO|3:55:45]: uenvy tried to break 2 blocks in 505 ms (max=2 in 525 ms) 
[INFO|3:55:51]: uenvy tried to avoid fall damage (fall distance = 0 9 times in a row, max=9) 
[INFO|3:55:53]: alison848849547 tried to break 2 blocks in 855 ms (max=2 in 950 ms) 
[INFO|3:55:56]: uenvy tried to place a block 1 ms after the last one (min=50 ms) 
[INFO|3:56:14]: uenvy tried to avoid fall damage (fall distance = 0 9 times in a row, max=9) 
[INFO|3:57:25]: uenvy tried to break 2 blocks in 605 ms (max=2 in 650 ms) 
[INFO|3:58:50]: uenvy tried to avoid fall damage (fall distance = 0 9 times in a row, max=9) 
[INFO|3:59:17]: uenvy tried to place a block 9 ms after the last one (min=50 ms) 
[INFO|3:59:31]: uenvy tried to break a block of GRASS after only 1 punches (min=5) 
[INFO|4:00:59]: alison848849547 tried to avoid fall damage (fall distance = 0 9 times in a row, max=9) 
[INFO|4:01:04]: uenvy tried to break 2 blocks in 626 ms (max=2 in 650 ms) 
[INFO|4:03:23]: uenvy tried to break 2 blocks in 568 ms (max=2 in 650 ms) 
[INFO|4:04:07]: uenvy tried to break a block of GRASS after only 4 punches (min=5) 
[INFO|4:04:11]: uenvy tried to break 2 blocks in 181 ms (max=2 in 300 ms) 
[INFO|4:06:54]: alison848849547 tried to place a block 25 ms after the last one (min=50 ms) 
[INFO|4:08:07]: uenvy tried to place a block 5 ms after the last one (min=50 ms) 
[INFO|4:11:02]: alison848849547 tried to place a block 2 ms after the last one (min=50 ms) 
[INFO|4:12:47]: alison848849547 tried to place a block 3 ms after the last one (min=50 ms) 
[INFO|4:12:48]: alison848849547 placed blocks too fast 0 times in a row (max=2) 
[INFO|4:12:50]: alison848849547 placed blocks too fast 0 times in a row (max=2) 
[INFO|4:13:37]: alison848849547 tried to place a block 2 ms after the last one (min=50 ms) 
[INFO|4:14:09]: uenvy tried to avoid fall damage (fall distance = 0 9 times in a row, max=9) 
[INFO|4:14:14]: alison848849547 tried to place a block 3 ms after the last one (min=50 ms) 
[INFO|4:14:18]: alison848849547 tried to place a block 3 ms after the last one (min=50 ms) 
[INFO|4:14:18]: alison848849547 placed blocks too fast 0 times in a row (max=2) 
[INFO|4:14:19]: alison848849547 placed blocks too fast 0 times in a row (max=2) 
[INFO|4:14:49]: alison848849547 tried to place a block 42 ms after the last one (min=50 ms) 
[INFO|4:15:07]: uenvy tried to break 2 blocks in 520 ms (max=2 in 525 ms) 
[INFO|4:15:11]: alison848849547 tried to place a block 2 ms after the last one (min=50 ms) 
[INFO|4:15:12]: uenvy tried to avoid fall damage (fall distance = 0 9 times in a row, max=9) 
[INFO|4:15:34]: uenvy tried to avoid fall damage (fall distance = 0 9 times in a row, max=9) 
[INFO|4:16:22]: uenvy tried to avoid fall damage (fall distance = 0 9 times in a row, max=9) 
[INFO|4:17:48]: uenvy tried to break 2 blocks in 82 ms (max=2 in 525 ms) 
[INFO|4:17:49]: alison848849547 tried to place a block 2 ms after the last one (min=50 ms) 
[INFO|4:17:50]: alison848849547 placed blocks too fast 0 times in a row (max=2) 
[INFO|4:17:51]: alison848849547 placed blocks too fast 0 times in a row (max=2) 
[INFO|4:17:55]: uenvy tried to avoid fall damage (fall distance = 0 9 times in a row, max=9) 
[INFO|4:21:37]: uenvy tried to break 2 blocks in 398 ms (max=2 in 525 ms) 
[INFO|4:21:44]: uenvy tried to break 2 blocks in 504 ms (max=2 in 525 ms) 
[INFO|4:21:49]: uenvy tried to place a block 32 ms after the last one (min=50 ms) 
[INFO|4:22:12]: uenvy tried to place a block 40 ms after the last one (min=50 ms) 
[INFO|4:22:13]: uenvy placed blocks too fast 0 times in a row (max=2) 
[INFO|4:22:22]: uenvy tried to avoid fall damage (fall distance = 0 9 times in a row, max=9) 
[INFO|4:22:38]: uenvy tried to avoid fall damage (fall distance = 0 9 times in a row, max=9) 
[INFO|4:22:40]: uenvy tried to avoid fall damage (fall distance = 0 9 times in a row, max=9) 
[INFO|4:22:57]: uenvy tried to break 2 blocks in 429 ms (max=2 in 525 ms) 
[INFO|4:23:04]: uenvy tried to place a block 1 ms after the last one (min=50 ms) 
[INFO|4:23:33]: uenvy tried to avoid fall damage (fall distance = 0 9 times in a row, max=9) 
[INFO|4:23:39]: uenvy tried to avoid fall damage (fall distance = 0 9 times in a row, max=9) 
[INFO|4:23:40]: uenvy tried to avoid fall damage (fall distance = 0 9 times in a row, max=9) 
[INFO|4:23:45]: uenvy tried to avoid fall damage (fall distance = 0 9 times in a row, max=9) 
[INFO|4:24:23]: uenvy tried to break 2 blocks in 607 ms (max=2 in 750 ms) 
[INFO|4:24:52]: uenvy tried to break 2 blocks in 583 ms (max=2 in 750 ms) 
[INFO|4:25:22]: uenvy tried to break 2 blocks in 442 ms (max=2 in 750 ms) 
[INFO|4:25:39]: uenvy tried to avoid fall damage (fall distance = 0 9 times in a row, max=9) 
[INFO|4:25:41]: uenvy tried to avoid fall damage (fall distance = 0 9 times in a row, max=9) 
[INFO|4:25:50]: uenvy tried to avoid fall damage (fall distance = 0 9 times in a row, max=9) 
[INFO|4:25:53]: uenvy tried to avoid fall damage (fall distance = 0 9 times in a row, max=9) 
[INFO|4:25:55]: uenvy tried to avoid fall damage (fall distance = 0 9 times in a row, max=9) 
[INFO|4:25:58]: uenvy tried to avoid fall damage (fall distance = 0 9 times in a row, max=9) 
[INFO|4:26:00]: uenvy tried to avoid fall damage (fall distance = 0 9 times in a row, max=9) 
[INFO|4:26:02]: uenvy tried to avoid fall damage (fall distance = 0 9 times in a row, max=9) 
[INFO|4:26:04]: uenvy tried to avoid fall damage (fall distance = 0 9 times in a row, max=9) 
[INFO|4:30:13]: alison848849547 tried to place a block 2 ms after the last one (min=50 ms) 
[INFO|4:33:30]: uenvy tried to place a block 26 ms after the last one (min=50 ms) 
[INFO|4:33:32]: uenvy tried to place a block 4 ms after the last one (min=50 ms) 
[INFO|4:33:35]: uenvy placed blocks too fast 0 times in a row (max=2) 
[INFO|4:33:37]: uenvy placed blocks too fast 0 times in a row (max=2) 
[INFO|4:34:09]: uenvy tried to place a block 5 ms after the last one (min=50 ms) 
[INFO|4:35:23]: alison848849547 tried to avoid fall damage (fall distance = 0 9 times in a row, max=9) 
[INFO|4:36:00]: uenvy tried to avoid fall damage (fall distance = 0 9 times in a row, max=9) 
[INFO|4:36:03]: uenvy tried to avoid fall damage (fall distance = 0 9 times in a row, max=9) 
[INFO|4:36:14]: uenvy tried to avoid fall damage (fall distance = 0 9 times in a row, max=9) 
[INFO|4:38:45]: alison848849547 tried to place a block 2 ms after the last one (min=50 ms) 
[INFO|4:38:46]: alison848849547 tried to place a block 2 ms after the last one (min=50 ms) 
[INFO|4:38:46]: alison848849547 placed blocks too fast 0 times in a row (max=2) 
[INFO|4:38:46]: alison848849547 placed blocks too fast 0 times in a row (max=2) 
[INFO|4:38:47]: alison848849547 placed blocks too fast 0 times in a row (max=2) 
[INFO|4:38:58]: alison848849547 tried to place a block 3 ms after the last one (min=50 ms) 
[INFO|4:38:58]: alison848849547 tried to place a block 10 ms after the last one (min=50 ms) 
[INFO|4:40:48]: alison848849547 tried to break 2 blocks in 903 ms (max=2 in 950 ms) 
[INFO|4:42:46]: uenvy tried to place a block 11 ms after the last one (min=50 ms) 
[INFO|4:43:18]: uenvy tried to place a block 2 ms after the last one (min=50 ms) 
[INFO|4:43:19]: uenvy placed blocks too fast 0 times in a row (max=2) 
[INFO|4:43:20]: uenvy placed blocks too fast 0 times in a row (max=2) 
[INFO|4:43:29]: uenvy placed blocks too fast 0 times in a row (max=2) 
[INFO|4:44:29]: uenvy tried to avoid fall damage (fall distance = 0 9 times in a row, max=9) 
[INFO|4:45:06]: alison848849547 tried to place a block 18 ms after the last one (min=50 ms) 
[INFO|4:45:08]: uenvy tried to avoid fall damage (fall distance = 0 9 times in a row, max=9) 
[INFO|4:45:13]: alison848849547 placed blocks too fast 0 times in a row (max=2) 
[INFO|4:45:20]: uenvy tried to place a block 5 ms after the last one (min=50 ms) 
[INFO|4:47:14]: uenvy's y speed was too high (speed=1.0, max=0.5) 
[INFO|4:47:21]: uenvy tried to avoid fall damage (fall distance = 0 9 times in a row, max=9) 
[INFO|4:48:06]: black_fanta14 tried to avoid fall damage (fall distance = 0 9 times in a row, max=9) 
[INFO|4:48:15]: uenvy tried to avoid fall damage (fall distance = 0 9 times in a row, max=9) 
[INFO|4:49:49]: uenvy didn't animate before damaging a ZOMBIE 
[INFO|4:52:23]: uenvy didn't animate before damaging a ZOMBIE 
[INFO|4:52:30]: uenvy didn't animate before damaging a ZOMBIE 
[INFO|4:52:34]: uenvy tried to avoid fall damage (fall distance = 0 9 times in a row, max=9) 
[INFO|4:53:46]: uenvy tried to avoid fall damage (fall distance = 0 9 times in a row, max=9) 
[INFO|4:54:50]: alison848849547 didn't animate before damaging a ZOMBIE 
[INFO|4:58:20]: black_fanta14 didn't animate before damaging a ZOMBIE 
[INFO|4:58:50]: uenvy didn't animate before damaging a ZOMBIE 
[INFO|4:59:29]: alison848849547 tried to avoid fall damage (fall distance = 0 9 times in a row, max=9) 
[INFO|4:59:34]: uenvy ate too quickly (time=969 ms, min=1000 ms) 
[INFO|4:59:49]: uenvy ate too quickly (time=886 ms, min=1000 ms) 
[INFO|4:59:59]: uenvy didn't animate before damaging a ZOMBIE 
[INFO|5:00:43]: black_fanta14 tried to avoid fall damage (fall distance = 0 9 times in a row, max=9) 
[INFO|5:00:58]: uenvy tried to avoid fall damage (fall distance = 0 9 times in a row, max=9) 
[INFO|5:01:25]: alison848849547's speed was too high 3 times in a row (max=3, speed=0.35903423137824575, max speed=0.25) 
[INFO|5:02:30]: black_fanta14 tried to avoid fall damage (fall distance = 0 9 times in a row, max=9) 
[INFO|5:03:47]: MineCraftGirl515 tried to avoid fall damage (fall distance = 0 9 times in a row, max=9) 
[INFO|5:03:51]: MineCraftGirl515 ate too quickly (time=851 ms, min=1000 ms) 
[INFO|5:03:53]: MineCraftGirl515 ate too quickly (time=807 ms, min=1000 ms) 
[INFO|5:05:50]: black_fanta14 tried to avoid fall damage (fall distance = 0 9 times in a row, max=9) 
[INFO|5:07:00]: black_fanta14 tried to avoid fall damage (fall distance = 0 9 times in a row, max=9) 
[INFO|5:10:13]: black_fanta14 tried to avoid fall damage (fall distance = 0 9 times in a row, max=9) 
[INFO|5:10:39]: black_fanta14 tried to avoid fall damage (fall distance = 0 9 times in a row, max=9) 
[INFO|5:11:07]: black_fanta14 didn't animate before damaging a ZOMBIE 
[INFO|5:11:21]: black_fanta14 didn't animate before damaging a SKELETON 
[INFO|5:12:12]: black_fanta14 didn't animate before damaging a SKELETON 
[INFO|5:12:28]: alison848849547 tried to avoid fall damage (fall distance = 0 9 times in a row, max=9) 
[INFO|5:16:34]: alison848849547 ate too quickly (time=803 ms, min=1000 ms) 
[INFO|5:17:26]: alison848849547 tried to avoid fall damage (fall distance = 0 9 times in a row, max=9) 
[INFO|5:17:58]: alison848849547 tried to place a block 2 ms after the last one (min=50 ms) 
[INFO|5:21:19]: alison848849547 tried to break 2 blocks in 540 ms (max=2 in 650 ms) 
[INFO|5:24:00]: alison848849547 tried to place a block 3 ms after the last one (min=50 ms) 
[INFO|5:24:23]: Woodentoaster33 tried to avoid fall damage (fall distance = 0 9 times in a row, max=9) 
[INFO|5:24:26]: alison848849547 tried to break 2 blocks in 581 ms (max=2 in 650 ms) 
[INFO|5:26:07]: alison848849547 tried to break 2 blocks in 565 ms (max=2 in 650 ms) 
[INFO|5:28:19]: alison848849547 tried to avoid fall damage (fall distance = 0 9 times in a row, max=9) 
[INFO|5:30:21]: alison848849547 tried to place a block 3 ms after the last one (min=50 ms) 
[INFO|5:30:22]: alison848849547 placed blocks too fast 0 times in a row (max=2) 
[INFO|5:30:23]: alison848849547 placed blocks too fast 0 times in a row (max=2) 
[INFO|5:30:57]: alison848849547 tried to avoid fall damage (fall distance = 0 9 times in a row, max=9) 
[INFO|5:31:42]: alison848849547 tried to avoid fall damage (fall distance = 0 9 times in a row, max=9) 
[INFO|5:33:37]: alison848849547 tried to avoid fall damage (fall distance = 0 9 times in a row, max=9) 
[INFO|5:38:08]: alison848849547 tried to avoid fall damage (fall distance = 0 9 times in a row, max=9) 
[INFO|5:40:46]: alison848849547 healed too quickly (time=1825 ms, min=2000 ms) 
[INFO|5:41:25]: alison848849547 tried to place a block 2 ms after the last one (min=50 ms) 
[INFO|5:42:32]: alison848849547 tried to place a block 2 ms after the last one (min=50 ms) 
[INFO|5:49:13]: alison848849547 tried to place a block 41 ms after the last one (min=50 ms) 
[INFO|5:49:14]: alison848849547 placed blocks too fast 0 times in a row (max=2) 
[INFO|5:49:15]: alison848849547 placed blocks too fast 0 times in a row (max=2) 
[INFO|5:49:16]: alison848849547 placed blocks too fast 0 times in a row (max=2) 
[INFO|5:49:26]: alison848849547 placed blocks too fast 0 times in a row (max=2) 
[INFO|5:49:35]: alison848849547 placed blocks too fast 0 times in a row (max=2) 
[INFO|5:50:38]: alison848849547 tried to place a block 2 ms after the last one (min=50 ms) 
[INFO|5:51:23]: Coolfish1800 tried to avoid fall damage (fall distance = 0 9 times in a row, max=9) 
[INFO|5:52:57]: alison848849547 tried to avoid fall damage (fall distance = 0 9 times in a row, max=9) 
[INFO|5:59:35]: alison848849547 tried to avoid fall damage (fall distance = 0 9 times in a row, max=9) 
[INFO|5:59:55]: alison848849547 tried to avoid fall damage (fall distance = 0 9 times in a row, max=9) 
[INFO|6:01:00]: alison848849547 tried to break a block of GRASS after only 3 punches (min=5) 
[INFO|6:01:04]: alison848849547 tried to break a block of GRASS after only 3 punches (min=5) 
[INFO|6:01:07]: alison848849547 tried to break 2 blocks in 102 ms (max=2 in 300 ms) 
[INFO|6:01:16]: alison848849547 tried to break a block of GRASS after only 1 punches (min=5) 
[INFO|6:01:28]: alison848849547 tried to break a block of DIRT after only 3 punches (min=5) 
[INFO|6:03:50]: alison848849547 tried to avoid fall damage (fall distance = 0 9 times in a row, max=9) 
[INFO|6:03:57]: alison848849547 tried to break a block of GRASS after only 4 punches (min=5) 
[INFO|6:03:59]: alison848849547 tried to break 2 blocks in 128 ms (max=2 in 300 ms) 
[INFO|6:04:39]: alison848849547 tried to avoid fall damage (fall distance = 0 9 times in a row, max=9) 
[INFO|6:04:52]: alison848849547 tried to break 2 blocks in 27 ms (max=2 in 275 ms) 
[INFO|6:07:47]: alison848849547 tried to break 2 blocks in 275 ms (max=2 in 300 ms) 
[INFO|6:07:59]: alison848849547 tried to break a block of DIRT after only 4 punches (min=5) 
[INFO|6:09:45]: alison848849547 tried to break 2 blocks in 130 ms (max=2 in 300 ms) 
[INFO|6:10:18]: alison848849547 tried to break 2 blocks in 268 ms (max=2 in 300 ms) 
[INFO|6:11:22]: alison848849547 tried to avoid fall damage (fall distance = 0 9 times in a row, max=9) 
[INFO|6:14:56]: alison848849547 tried to break 2 blocks in 507 ms (max=2 in 525 ms) 
[INFO|6:15:17]: alison848849547 tried to break 2 blocks in 421 ms (max=2 in 525 ms) 
[INFO|6:16:46]: alison848849547 tried to break 2 blocks in 523 ms (max=2 in 525 ms) 
[INFO|6:18:02]: alison848849547 tried to avoid fall damage (fall distance = 0 9 times in a row, max=9) 
[INFO|8:05:06]: Dantay tried to avoid fall damage (fall distance = 0 9 times in a row, max=9) 
[INFO|8:54:14]: alison848849547 tried to avoid fall damage (fall distance = 0 9 times in a row, max=9) 
[INFO|8:55:26]: alison848849547 tried to place a block 2 ms after the last one (min=50 ms) 
[INFO|8:56:57]: black_fanta14 tried to avoid fall damage (fall distance = 0 9 times in a row, max=9) 
[INFO|9:02:28]: black_fanta14 tried to place a block 2 ms after the last one (min=50 ms) 
[INFO|9:02:38]: black_fanta14 tried to place a block 22 ms after the last one (min=50 ms) 
[INFO|9:03:01]: black_fanta14 tried to place a block 47 ms after the last one (min=50 ms) 
[INFO|9:03:02]: black_fanta14 placed blocks too fast null times in a row (max=2) 
[INFO|9:03:04]: black_fanta14 placed blocks too fast null times in a row (max=2) 
[INFO|9:04:11]: black_fanta14 tried to break a block of QUARTZ_BLOCK after only 4 punches (min=5) 
[INFO|9:04:23]: black_fanta14 tried to break 2 blocks in 277 ms (max=2 in 350 ms) 
[INFO|9:04:51]: black_fanta14 tried to break 2 blocks in 148 ms (max=2 in 350 ms) 
[INFO|9:06:56]: black_fanta14 tried to place a block 20 ms after the last one (min=50 ms) 
[INFO|9:27:53]: black_fanta14 tried to avoid fall damage (fall distance = 0 9 times in a row, max=9) 
[INFO|9:33:52]: black_fanta14 tried to avoid fall damage (fall distance = 0 9 times in a row, max=9) 
[INFO|9:33:53]: black_fanta14 tried to avoid fall damage (fall distance = 0 9 times in a row, max=9) 
[INFO|9:33:54]: black_fanta14 tried to avoid fall damage (fall distance = 0 9 times in a row, max=9) 
[INFO|9:33:54]: black_fanta14 tried to avoid fall damage (fall distance = 0 9 times in a row, max=9) 
[INFO|9:38:03]: black_fanta14 tried to avoid fall damage (fall distance = 0 9 times in a row, max=9) 
[INFO|9:41:49]: black_fanta14 tried to avoid fall damage (fall distance = 0 9 times in a row, max=9) 
[INFO|9:41:49]: black_fanta14 tried to climb a non-ladder (AIR) 
[INFO|9:43:10]: black_fanta14 tried to avoid fall damage (fall distance = 0 9 times in a row, max=9) 
[INFO|9:43:12]: black_fanta14 tried to avoid fall damage (fall distance = 0 9 times in a row, max=9) 
[INFO|9:43:17]: black_fanta14 tried to avoid fall damage (fall distance = 0 9 times in a row, max=9) 
[INFO|9:43:19]: black_fanta14 tried to avoid fall damage (fall distance = 0 9 times in a row, max=9) 
[INFO|11:38:21]: alison848849547 tried to avoid fall damage (fall distance = 0 9 times in a row, max=9) 
[INFO|12:12:24]: alison848849547 tried to break 2 blocks in 248 ms (max=2 in 390 ms) 
[INFO|12:12:47]: alison848849547 tried to break 2 blocks in 48 ms (max=2 in 525 ms) 
[INFO|12:12:47]: alison848849547 tried to break a block of STONE after only 2 punches (min=5) 
[INFO|12:13:17]: alison848849547 tried to break 2 blocks in 397 ms (max=2 in 525 ms) 
[INFO|12:14:30]: alison848849547 tried to avoid fall damage (fall distance = 0 9 times in a row, max=9) 
[INFO|12:15:39]: alison848849547 tried to avoid fall damage (fall distance = 0 9 times in a row, max=9) 
[INFO|12:16:41]: alison848849547's y speed was too high (speed=2.0, max=0.5) 
[INFO|12:16:41]: alison848849547's y speed was too high (speed=2.0, max=0.5) 
[INFO|12:16:41]: alison848849547's y speed was too high (speed=2.0, max=0.5) 
[INFO|12:16:41]: alison848849547's speed was too high 3 times in a row (max=3, speed=1.0131199286283845, max speed=0.25) 
[INFO|12:16:41]: alison848849547's y speed was too high (speed=2.0, max=0.5) 
[INFO|12:16:41]: alison848849547's speed was too high 3 times in a row (max=3, speed=1.0131199286283845, max speed=0.25) 
[INFO|12:16:42]: alison848849547's y speed was too high (speed=2.0, max=0.5) 
[INFO|12:16:42]: alison848849547's speed was too high 3 times in a row (max=3, speed=1.0131199286283845, max speed=0.25) 
[INFO|12:17:29]: alison848849547 tried to break 2 blocks in 653 ms (max=2 in 750 ms) 
[INFO|12:18:04]: alison848849547 tried to avoid fall damage (fall distance = 0 9 times in a row, max=9) 
[INFO|12:19:11]: alison848849547 tried to avoid fall damage (fall distance = 0 9 times in a row, max=9) 
[INFO|12:49:11]: alison848849547 tried to avoid fall damage (fall distance = 0 9 times in a row, max=9) 
[INFO|12:52:13]: alison848849547 tried to avoid fall damage (fall distance = 0 9 times in a row, max=9) 
[INFO|12:52:25]: alison848849547 tried to break 2 blocks in 733 ms (max=2 in 750 ms) 
[INFO|12:52:44]: alison848849547 tried to break 2 blocks in 599 ms (max=2 in 750 ms) 
[INFO|12:54:26]: alison848849547 tried to avoid fall damage (fall distance = 0 9 times in a row, max=9) 
[INFO|1:13:18]: alison848849547 tried to break 2 blocks in 250 ms (max=2 in 275 ms) 
[INFO|1:14:29]: alison848849547 tried to break 2 blocks in 150 ms (max=2 in 275 ms) 
[INFO|1:46:59]: alison848849547 tried to place a block 2 ms after the last one (min=50 ms) 
[INFO|1:49:19]: alison848849547 tried to avoid fall damage (fall distance = 0 9 times in a row, max=9) 
